2021-05-16 18:53:13,463 INFO org.springframework.boot.StartupInfoLogger [main] Starting BikesApplication using Java 11.0.8 on DESKTOP-SPU9LGP with PID 15512 (C:\Users\shady\Documents\Proyectos_IntelliJ\Bikes\target\classes started by shady in C:\Users\shady\Documents\Proyectos_IntelliJ\Bikes)
2021-05-16 18:53:13,465 INFO org.springframework.boot.SpringApplication [main] No active profile set, falling back to default profiles: default
2021-05-16 18:53:13,917 INFO org.springframework.data.repository.config.RepositoryConfigurationDelegate [main] Bootstrapping Spring Data JPA repositories in DEFAULT mode.
2021-05-16 18:53:13,955 INFO org.springframework.data.repository.config.RepositoryConfigurationDelegate [main] Finished Spring Data repository scanning in 31 ms. Found 1 JPA repository interfaces.
2021-05-16 18:53:14,359 INFO org.springframework.boot.web.embedded.tomcat.TomcatWebServer [main] Tomcat initialized with port(s): 8080 (http)
2021-05-16 18:53:14,366 INFO org.apache.juli.logging.DirectJDKLog [main] Initializing ProtocolHandler ["http-nio-8080"]
2021-05-16 18:53:14,366 INFO org.apache.juli.logging.DirectJDKLog [main] Starting service [Tomcat]
2021-05-16 18:53:14,367 INFO org.apache.juli.logging.DirectJDKLog [main] Starting Servlet engine: [Apache Tomcat/9.0.45]
2021-05-16 18:53:14,459 INFO org.apache.juli.logging.DirectJDKLog [main] Initializing Spring embedded WebApplicationContext
2021-05-16 18:53:14,459 INFO org.springframework.boot.web.servlet.context.ServletWebServerApplicationContext [main] Root WebApplicationContext: initialization completed in 964 ms
2021-05-16 18:53:14,574 INFO org.hibernate.jpa.internal.util.LogHelper [main] HHH000204: Processing PersistenceUnitInfo [name: default]
2021-05-16 18:53:14,620 INFO org.hibernate.Version [main] HHH000412: Hibernate ORM core version 5.4.30.Final
2021-05-16 18:53:14,688 INFO org.hibernate.annotations.common.reflection.java.JavaReflectionManager [main] HCANN000001: Hibernate Commons Annotations {5.1.2.Final}
2021-05-16 18:53:14,746 INFO com.zaxxer.hikari.HikariDataSource [main] HikariPool-1 - Starting...
2021-05-16 18:53:14,850 INFO com.zaxxer.hikari.HikariDataSource [main] HikariPool-1 - Start completed.
2021-05-16 18:53:14,861 INFO org.hibernate.dialect.Dialect [main] HHH000400: Using dialect: org.hibernate.dialect.MySQL55Dialect
2021-05-16 18:53:15,318 INFO org.hibernate.engine.transaction.jta.platform.internal.JtaPlatformInitiator [main] HHH000490: Using JtaPlatform implementation: [org.hibernate.engine.transaction.jta.platform.internal.NoJtaPlatform]
2021-05-16 18:53:15,324 INFO org.springframework.orm.jpa.AbstractEntityManagerFactoryBean [main] Initialized JPA EntityManagerFactory for persistence unit 'default'
2021-05-16 18:53:15,546 WARN org.springframework.boot.autoconfigure.orm.jpa.JpaBaseConfiguration$JpaWebConfiguration [main] spring.jpa.open-in-view is enabled by default. Therefore, database queries may be performed during view rendering. Explicitly configure spring.jpa.open-in-view to disable this warning
2021-05-16 18:53:15,588 INFO org.springframework.scheduling.concurrent.ExecutorConfigurationSupport [main] Initializing ExecutorService 'applicationTaskExecutor'
2021-05-16 18:53:15,868 WARN org.springframework.boot.autoconfigure.thymeleaf.ThymeleafAutoConfiguration$DefaultTemplateResolverConfiguration [main] Cannot find template location: classpath:/templates/ (please add some templates or check your Thymeleaf configuration)
2021-05-16 18:53:15,973 INFO org.apache.juli.logging.DirectJDKLog [main] Starting ProtocolHandler ["http-nio-8080"]
2021-05-16 18:53:15,988 INFO org.springframework.boot.web.embedded.tomcat.TomcatWebServer [main] Tomcat started on port(s): 8080 (http) with context path ''
2021-05-16 18:53:15,994 INFO org.springframework.boot.StartupInfoLogger [main] Started BikesApplication in 2.837 seconds (JVM running for 3.135)
2021-05-16 18:56:56,341 INFO org.springframework.boot.StartupInfoLogger [main] Starting BikesApplication using Java 11.0.8 on DESKTOP-SPU9LGP with PID 10148 (C:\Users\shady\Documents\Proyectos_IntelliJ\Bikes\target\classes started by shady in C:\Users\shady\Documents\Proyectos_IntelliJ\Bikes)
2021-05-16 18:56:56,343 INFO org.springframework.boot.SpringApplication [main] No active profile set, falling back to default profiles: default
2021-05-16 18:56:56,784 INFO org.springframework.data.repository.config.RepositoryConfigurationDelegate [main] Bootstrapping Spring Data JPA repositories in DEFAULT mode.
2021-05-16 18:56:56,822 INFO org.springframework.data.repository.config.RepositoryConfigurationDelegate [main] Finished Spring Data repository scanning in 32 ms. Found 1 JPA repository interfaces.
2021-05-16 18:56:57,246 INFO org.springframework.boot.web.embedded.tomcat.TomcatWebServer [main] Tomcat initialized with port(s): 8080 (http)
2021-05-16 18:56:57,252 INFO org.apache.juli.logging.DirectJDKLog [main] Initializing ProtocolHandler ["http-nio-8080"]
2021-05-16 18:56:57,252 INFO org.apache.juli.logging.DirectJDKLog [main] Starting service [Tomcat]
2021-05-16 18:56:57,252 INFO org.apache.juli.logging.DirectJDKLog [main] Starting Servlet engine: [Apache Tomcat/9.0.45]
2021-05-16 18:56:57,338 INFO org.apache.juli.logging.DirectJDKLog [main] Initializing Spring embedded WebApplicationContext
2021-05-16 18:56:57,338 INFO org.springframework.boot.web.servlet.context.ServletWebServerApplicationContext [main] Root WebApplicationContext: initialization completed in 965 ms
2021-05-16 18:56:57,462 INFO org.hibernate.jpa.internal.util.LogHelper [main] HHH000204: Processing PersistenceUnitInfo [name: default]
2021-05-16 18:56:57,512 INFO org.hibernate.Version [main] HHH000412: Hibernate ORM core version 5.4.30.Final
2021-05-16 18:56:57,585 INFO org.hibernate.annotations.common.reflection.java.JavaReflectionManager [main] HCANN000001: Hibernate Commons Annotations {5.1.2.Final}
2021-05-16 18:56:57,654 INFO com.zaxxer.hikari.HikariDataSource [main] HikariPool-1 - Starting...
2021-05-16 18:56:57,766 INFO com.zaxxer.hikari.HikariDataSource [main] HikariPool-1 - Start completed.
2021-05-16 18:56:57,778 INFO org.hibernate.dialect.Dialect [main] HHH000400: Using dialect: org.hibernate.dialect.MySQL55Dialect
2021-05-16 18:56:58,191 INFO org.hibernate.engine.transaction.jta.platform.internal.JtaPlatformInitiator [main] HHH000490: Using JtaPlatform implementation: [org.hibernate.engine.transaction.jta.platform.internal.NoJtaPlatform]
2021-05-16 18:56:58,197 INFO org.springframework.orm.jpa.AbstractEntityManagerFactoryBean [main] Initialized JPA EntityManagerFactory for persistence unit 'default'
2021-05-16 18:56:58,420 WARN org.springframework.boot.autoconfigure.orm.jpa.JpaBaseConfiguration$JpaWebConfiguration [main] spring.jpa.open-in-view is enabled by default. Therefore, database queries may be performed during view rendering. Explicitly configure spring.jpa.open-in-view to disable this warning
2021-05-16 18:56:58,461 INFO org.springframework.scheduling.concurrent.ExecutorConfigurationSupport [main] Initializing ExecutorService 'applicationTaskExecutor'
2021-05-16 18:56:58,738 WARN org.springframework.boot.autoconfigure.thymeleaf.ThymeleafAutoConfiguration$DefaultTemplateResolverConfiguration [main] Cannot find template location: classpath:/templates/ (please add some templates or check your Thymeleaf configuration)
2021-05-16 18:56:58,849 INFO org.apache.juli.logging.DirectJDKLog [main] Starting ProtocolHandler ["http-nio-8080"]
2021-05-16 18:56:58,865 INFO org.springframework.boot.web.embedded.tomcat.TomcatWebServer [main] Tomcat started on port(s): 8080 (http) with context path ''
2021-05-16 18:56:58,871 INFO org.springframework.boot.StartupInfoLogger [main] Started BikesApplication in 2.832 seconds (JVM running for 3.128)
2021-05-16 18:57:01,586 INFO org.apache.juli.logging.DirectJDKLog [http-nio-8080-exec-1] Initializing Spring DispatcherServlet 'dispatcherServlet'
2021-05-16 18:57:01,587 INFO org.springframework.web.servlet.FrameworkServlet [http-nio-8080-exec-1] Initializing Servlet 'dispatcherServlet'
2021-05-16 18:57:01,588 INFO org.springframework.web.servlet.FrameworkServlet [http-nio-8080-exec-1] Completed initialization in 1 ms
2021-05-16 18:57:02,005 INFO org.springdoc.api.AbstractOpenApiResource [http-nio-8080-exec-3] Init duration for springdoc-openapi is: 219 ms
2021-05-16 18:58:30,999 INFO com.sanvalero.bikes.controller.ShopController [http-nio-8080-exec-7] Init addShop
2021-05-16 18:58:31,051 INFO com.sanvalero.bikes.controller.ShopController [http-nio-8080-exec-7] End addShop
2021-05-16 18:58:50,594 INFO com.sanvalero.bikes.controller.ShopController [http-nio-8080-exec-8] Init addShop
2021-05-16 18:58:50,598 INFO com.sanvalero.bikes.controller.ShopController [http-nio-8080-exec-8] End addShop
2021-05-16 18:59:03,661 INFO com.sanvalero.bikes.controller.ShopController [http-nio-8080-exec-9] Init addShop
2021-05-16 18:59:03,665 INFO com.sanvalero.bikes.controller.ShopController [http-nio-8080-exec-9] End addShop
2021-05-16 18:59:12,168 INFO com.sanvalero.bikes.controller.ShopController [http-nio-8080-exec-10] Init getShops
2021-05-16 18:59:12,257 INFO com.sanvalero.bikes.controller.ShopController [http-nio-8080-exec-10] End getShops
2021-05-16 18:59:18,347 INFO com.sanvalero.bikes.controller.ShopController [http-nio-8080-exec-1] Init getShopById
2021-05-16 18:59:18,354 INFO com.sanvalero.bikes.controller.ShopController [http-nio-8080-exec-1] End getShopById
2021-05-16 19:51:20,904 INFO org.springframework.boot.StartupInfoLogger [main] Starting BikesApplication using Java 11.0.8 on DESKTOP-SPU9LGP with PID 6296 (C:\Users\shady\Documents\Proyectos_IntelliJ\Bikes\target\classes started by shady in C:\Users\shady\Documents\Proyectos_IntelliJ\Bikes)
2021-05-16 19:51:20,906 INFO org.springframework.boot.SpringApplication [main] No active profile set, falling back to default profiles: default
2021-05-16 19:51:21,364 INFO org.springframework.data.repository.config.RepositoryConfigurationDelegate [main] Bootstrapping Spring Data JPA repositories in DEFAULT mode.
2021-05-16 19:51:21,401 INFO org.springframework.data.repository.config.RepositoryConfigurationDelegate [main] Finished Spring Data repository scanning in 32 ms. Found 3 JPA repository interfaces.
2021-05-16 19:51:21,801 INFO org.springframework.boot.web.embedded.tomcat.TomcatWebServer [main] Tomcat initialized with port(s): 8080 (http)
2021-05-16 19:51:21,809 INFO org.apache.juli.logging.DirectJDKLog [main] Initializing ProtocolHandler ["http-nio-8080"]
2021-05-16 19:51:21,810 INFO org.apache.juli.logging.DirectJDKLog [main] Starting service [Tomcat]
2021-05-16 19:51:21,811 INFO org.apache.juli.logging.DirectJDKLog [main] Starting Servlet engine: [Apache Tomcat/9.0.45]
2021-05-16 19:51:21,895 INFO org.apache.juli.logging.DirectJDKLog [main] Initializing Spring embedded WebApplicationContext
2021-05-16 19:51:21,895 INFO org.springframework.boot.web.servlet.context.ServletWebServerApplicationContext [main] Root WebApplicationContext: initialization completed in 960 ms
2021-05-16 19:51:22,009 INFO org.hibernate.jpa.internal.util.LogHelper [main] HHH000204: Processing PersistenceUnitInfo [name: default]
2021-05-16 19:51:22,048 INFO org.hibernate.Version [main] HHH000412: Hibernate ORM core version 5.4.30.Final
2021-05-16 19:51:22,130 INFO org.hibernate.annotations.common.reflection.java.JavaReflectionManager [main] HCANN000001: Hibernate Commons Annotations {5.1.2.Final}
2021-05-16 19:51:22,193 INFO com.zaxxer.hikari.HikariDataSource [main] HikariPool-1 - Starting...
2021-05-16 19:51:22,308 INFO com.zaxxer.hikari.HikariDataSource [main] HikariPool-1 - Start completed.
2021-05-16 19:51:22,318 INFO org.hibernate.dialect.Dialect [main] HHH000400: Using dialect: org.hibernate.dialect.MySQL55Dialect
2021-05-16 19:51:22,768 INFO org.hibernate.engine.transaction.jta.platform.internal.JtaPlatformInitiator [main] HHH000490: Using JtaPlatform implementation: [org.hibernate.engine.transaction.jta.platform.internal.NoJtaPlatform]
2021-05-16 19:51:22,771 INFO org.springframework.orm.jpa.AbstractEntityManagerFactoryBean [main] Initialized JPA EntityManagerFactory for persistence unit 'default'
2021-05-16 19:51:23,002 WARN org.springframework.boot.autoconfigure.orm.jpa.JpaBaseConfiguration$JpaWebConfiguration [main] spring.jpa.open-in-view is enabled by default. Therefore, database queries may be performed during view rendering. Explicitly configure spring.jpa.open-in-view to disable this warning
2021-05-16 19:51:23,051 INFO org.springframework.scheduling.concurrent.ExecutorConfigurationSupport [main] Initializing ExecutorService 'applicationTaskExecutor'
2021-05-16 19:51:23,368 WARN org.springframework.boot.autoconfigure.thymeleaf.ThymeleafAutoConfiguration$DefaultTemplateResolverConfiguration [main] Cannot find template location: classpath:/templates/ (please add some templates or check your Thymeleaf configuration)
2021-05-16 19:51:23,475 INFO org.apache.juli.logging.DirectJDKLog [main] Starting ProtocolHandler ["http-nio-8080"]
2021-05-16 19:51:23,490 INFO org.springframework.boot.web.embedded.tomcat.TomcatWebServer [main] Tomcat started on port(s): 8080 (http) with context path ''
2021-05-16 19:51:23,494 INFO org.springframework.boot.StartupInfoLogger [main] Started BikesApplication in 2.914 seconds (JVM running for 3.24)
2021-05-16 19:52:07,512 INFO org.apache.juli.logging.DirectJDKLog [http-nio-8080-exec-1] Initializing Spring DispatcherServlet 'dispatcherServlet'
2021-05-16 19:52:07,513 INFO org.springframework.web.servlet.FrameworkServlet [http-nio-8080-exec-1] Initializing Servlet 'dispatcherServlet'
2021-05-16 19:52:07,514 INFO org.springframework.web.servlet.FrameworkServlet [http-nio-8080-exec-1] Completed initialization in 1 ms
2021-05-16 19:52:08,109 INFO org.springdoc.api.AbstractOpenApiResource [http-nio-8080-exec-3] Init duration for springdoc-openapi is: 397 ms
2021-05-16 19:52:42,061 WARN org.springframework.web.servlet.handler.AbstractHandlerExceptionResolver [http-nio-8080-exec-5] Resolved [org.springframework.http.converter.HttpMessageNotReadableException: JSON parse error: Cannot deserialize value of type `java.time.LocalDate` from String "2021-05-16": Failed to deserialize java.time.LocalDate: (java.time.format.DateTimeParseException) Text '2021-05-16' could not be parsed at index 2; nested exception is com.fasterxml.jackson.databind.exc.InvalidFormatException: Cannot deserialize value of type `java.time.LocalDate` from String "2021-05-16": Failed to deserialize java.time.LocalDate: (java.time.format.DateTimeParseException) Text '2021-05-16' could not be parsed at index 2
 at [Source: (PushbackInputStream); line: 3, column: 16] (through reference chain: com.sanvalero.bikes.domain.dto.BrandDTO["brandDate"])]
2021-05-16 19:53:19,766 INFO com.sanvalero.bikes.controller.BrandController [http-nio-8080-exec-9] Init addBrand
2021-05-16 19:53:19,849 INFO com.sanvalero.bikes.controller.BrandController [http-nio-8080-exec-9] End addBrand
2021-05-16 19:53:32,865 INFO com.sanvalero.bikes.controller.BrandController [http-nio-8080-exec-10] Init addBrand
2021-05-16 19:53:32,875 INFO com.sanvalero.bikes.controller.BrandController [http-nio-8080-exec-10] End addBrand
2021-05-16 19:53:44,794 INFO com.sanvalero.bikes.controller.BrandController [http-nio-8080-exec-1] Init addBrand
2021-05-16 19:53:44,805 INFO com.sanvalero.bikes.controller.BrandController [http-nio-8080-exec-1] End addBrand
2021-05-16 19:53:51,077 INFO com.sanvalero.bikes.controller.BrandController [http-nio-8080-exec-2] Init addBrand
2021-05-16 19:53:51,089 INFO com.sanvalero.bikes.controller.BrandController [http-nio-8080-exec-2] End addBrand
2021-05-16 19:54:02,865 INFO com.sanvalero.bikes.controller.BrandController [http-nio-8080-exec-3] Init addBrand
2021-05-16 19:54:02,876 INFO com.sanvalero.bikes.controller.BrandController [http-nio-8080-exec-3] End addBrand
2021-05-16 19:54:20,227 INFO com.sanvalero.bikes.controller.BrandController [http-nio-8080-exec-4] Init getBrands
2021-05-16 19:54:20,304 INFO com.sanvalero.bikes.controller.BrandController [http-nio-8080-exec-4] End getBrands
2021-05-16 19:54:31,089 INFO com.sanvalero.bikes.controller.BrandController [http-nio-8080-exec-5] Init getBrandById
2021-05-16 19:54:31,092 INFO com.sanvalero.bikes.controller.BrandController [http-nio-8080-exec-5] End getBrandById
2021-05-16 19:56:34,001 INFO com.sanvalero.bikes.controller.BrandController [http-nio-8080-exec-8] Init addBrand
2021-05-16 19:56:34,012 INFO com.sanvalero.bikes.controller.BrandController [http-nio-8080-exec-8] End addBrand
2021-05-16 19:57:19,309 INFO com.sanvalero.bikes.controller.BrandController [http-nio-8080-exec-9] Init modifyBrand
2021-05-16 19:57:19,316 INFO com.sanvalero.bikes.controller.BrandController [http-nio-8080-exec-9] End modifyBrand
2021-05-16 19:57:32,988 INFO com.sanvalero.bikes.controller.BrandController [http-nio-8080-exec-10] Init deleteBrand
2021-05-16 19:57:33,002 INFO com.sanvalero.bikes.controller.BrandController [http-nio-8080-exec-10] End deleteBrand
2021-05-16 20:00:43,930 INFO com.sanvalero.bikes.controller.ModelController [http-nio-8080-exec-3] Init addModel
2021-05-16 20:00:43,944 INFO com.sanvalero.bikes.controller.ModelController [http-nio-8080-exec-3] End addModel
2021-05-16 20:00:48,778 INFO com.sanvalero.bikes.controller.ModelController [http-nio-8080-exec-4] Init addModel
2021-05-16 20:00:48,809 INFO com.sanvalero.bikes.controller.ModelController [http-nio-8080-exec-4] End addModel
2021-05-16 20:01:12,205 INFO com.sanvalero.bikes.controller.ModelController [http-nio-8080-exec-5] Init addModel
2021-05-16 20:01:12,217 INFO com.sanvalero.bikes.controller.ModelController [http-nio-8080-exec-5] End addModel
2021-05-16 20:01:21,543 INFO com.sanvalero.bikes.controller.ModelController [http-nio-8080-exec-6] Init addModel
2021-05-16 20:01:21,554 INFO com.sanvalero.bikes.controller.ModelController [http-nio-8080-exec-6] End addModel
2021-05-16 20:01:38,649 INFO com.sanvalero.bikes.controller.ModelController [http-nio-8080-exec-7] Init addModel
2021-05-16 20:01:38,660 INFO com.sanvalero.bikes.controller.ModelController [http-nio-8080-exec-7] End addModel
2021-05-16 20:01:50,906 INFO com.sanvalero.bikes.controller.ModelController [http-nio-8080-exec-8] Init addModel
2021-05-16 20:01:50,917 INFO com.sanvalero.bikes.controller.ModelController [http-nio-8080-exec-8] End addModel
2021-05-16 20:02:20,278 INFO com.sanvalero.bikes.controller.ModelController [http-nio-8080-exec-9] Init addModel
2021-05-16 20:02:20,291 INFO com.sanvalero.bikes.controller.ModelController [http-nio-8080-exec-9] End addModel
2021-05-16 20:02:39,476 INFO com.sanvalero.bikes.controller.ModelController [http-nio-8080-exec-10] Init getModels
2021-05-16 20:02:39,491 INFO com.sanvalero.bikes.controller.ModelController [http-nio-8080-exec-10] End getModels
2021-05-16 20:02:53,424 INFO com.sanvalero.bikes.controller.ModelController [http-nio-8080-exec-1] Init getModelById
2021-05-16 20:02:53,428 INFO com.sanvalero.bikes.controller.ModelController [http-nio-8080-exec-1] End getModelById
2021-05-16 20:03:17,030 INFO com.sanvalero.bikes.controller.ModelController [http-nio-8080-exec-2] Init modifyModel
2021-05-16 20:03:17,037 INFO com.sanvalero.bikes.controller.ModelController [http-nio-8080-exec-2] End modifyModel
2021-05-16 20:03:30,518 INFO com.sanvalero.bikes.controller.ModelController [http-nio-8080-exec-3] Init deleteModel
2021-05-16 20:03:30,524 INFO com.sanvalero.bikes.controller.ModelController [http-nio-8080-exec-3] End deleteModel
2021-05-16 20:04:15,870 INFO com.sanvalero.bikes.controller.ShopController [http-nio-8080-exec-4] Init addShop
2021-05-16 20:04:15,880 INFO com.sanvalero.bikes.controller.ShopController [http-nio-8080-exec-4] End addShop
2021-05-16 20:04:21,744 INFO com.sanvalero.bikes.controller.ShopController [http-nio-8080-exec-5] Init getShops
2021-05-16 20:04:21,748 INFO com.sanvalero.bikes.controller.ShopController [http-nio-8080-exec-5] End getShops
2021-05-16 20:04:57,039 INFO com.sanvalero.bikes.controller.ShopController [http-nio-8080-exec-6] Init getShopById
2021-05-16 20:04:57,041 INFO com.sanvalero.bikes.controller.ShopController [http-nio-8080-exec-6] End getShopById
2021-05-16 20:05:13,697 INFO com.sanvalero.bikes.controller.ShopController [http-nio-8080-exec-7] Init modifyShop
2021-05-16 20:05:13,705 INFO com.sanvalero.bikes.controller.ShopController [http-nio-8080-exec-7] End modifyShop
2021-05-16 20:05:33,585 INFO com.sanvalero.bikes.controller.ShopController [http-nio-8080-exec-8] Init deleteShop
2021-05-16 20:05:33,595 INFO com.sanvalero.bikes.controller.ShopController [http-nio-8080-exec-8] End deleteShop
2021-05-16 20:23:45,325 INFO org.springframework.boot.StartupInfoLogger [main] Starting BikesApplication using Java 11.0.8 on DESKTOP-SPU9LGP with PID 12432 (C:\Users\shady\Documents\Proyectos_IntelliJ\Bikes\target\classes started by shady in C:\Users\shady\Documents\Proyectos_IntelliJ\Bikes)
2021-05-16 20:23:45,327 INFO org.springframework.boot.SpringApplication [main] No active profile set, falling back to default profiles: default
2021-05-16 20:23:45,778 INFO org.springframework.data.repository.config.RepositoryConfigurationDelegate [main] Bootstrapping Spring Data JPA repositories in DEFAULT mode.
2021-05-16 20:23:45,820 INFO org.springframework.data.repository.config.RepositoryConfigurationDelegate [main] Finished Spring Data repository scanning in 36 ms. Found 3 JPA repository interfaces.
2021-05-16 20:23:46,216 INFO org.springframework.boot.web.embedded.tomcat.TomcatWebServer [main] Tomcat initialized with port(s): 8080 (http)
2021-05-16 20:23:46,221 INFO org.apache.juli.logging.DirectJDKLog [main] Initializing ProtocolHandler ["http-nio-8080"]
2021-05-16 20:23:46,221 INFO org.apache.juli.logging.DirectJDKLog [main] Starting service [Tomcat]
2021-05-16 20:23:46,226 INFO org.apache.juli.logging.DirectJDKLog [main] Starting Servlet engine: [Apache Tomcat/9.0.45]
2021-05-16 20:23:46,307 INFO org.apache.juli.logging.DirectJDKLog [main] Initializing Spring embedded WebApplicationContext
2021-05-16 20:23:46,307 INFO org.springframework.boot.web.servlet.context.ServletWebServerApplicationContext [main] Root WebApplicationContext: initialization completed in 953 ms
2021-05-16 20:23:46,427 INFO org.hibernate.jpa.internal.util.LogHelper [main] HHH000204: Processing PersistenceUnitInfo [name: default]
2021-05-16 20:23:46,465 INFO org.hibernate.Version [main] HHH000412: Hibernate ORM core version 5.4.30.Final
2021-05-16 20:23:46,549 INFO org.hibernate.annotations.common.reflection.java.JavaReflectionManager [main] HCANN000001: Hibernate Commons Annotations {5.1.2.Final}
2021-05-16 20:23:46,590 INFO com.zaxxer.hikari.HikariDataSource [main] HikariPool-1 - Starting...
2021-05-16 20:23:46,714 INFO com.zaxxer.hikari.HikariDataSource [main] HikariPool-1 - Start completed.
2021-05-16 20:23:46,719 INFO org.hibernate.dialect.Dialect [main] HHH000400: Using dialect: org.hibernate.dialect.MySQL55Dialect
2021-05-16 20:23:47,144 INFO org.hibernate.engine.transaction.jta.platform.internal.JtaPlatformInitiator [main] HHH000490: Using JtaPlatform implementation: [org.hibernate.engine.transaction.jta.platform.internal.NoJtaPlatform]
2021-05-16 20:23:47,146 INFO org.springframework.orm.jpa.AbstractEntityManagerFactoryBean [main] Initialized JPA EntityManagerFactory for persistence unit 'default'
2021-05-16 20:23:47,362 WARN org.springframework.boot.autoconfigure.orm.jpa.JpaBaseConfiguration$JpaWebConfiguration [main] spring.jpa.open-in-view is enabled by default. Therefore, database queries may be performed during view rendering. Explicitly configure spring.jpa.open-in-view to disable this warning
2021-05-16 20:23:47,419 INFO org.springframework.scheduling.concurrent.ExecutorConfigurationSupport [main] Initializing ExecutorService 'applicationTaskExecutor'
2021-05-16 20:23:47,716 WARN org.springframework.boot.autoconfigure.thymeleaf.ThymeleafAutoConfiguration$DefaultTemplateResolverConfiguration [main] Cannot find template location: classpath:/templates/ (please add some templates or check your Thymeleaf configuration)
2021-05-16 20:23:47,826 INFO org.apache.juli.logging.DirectJDKLog [main] Starting ProtocolHandler ["http-nio-8080"]
2021-05-16 20:23:47,841 INFO org.springframework.boot.web.embedded.tomcat.TomcatWebServer [main] Tomcat started on port(s): 8080 (http) with context path ''
2021-05-16 20:23:47,848 INFO org.springframework.boot.StartupInfoLogger [main] Started BikesApplication in 2.82 seconds (JVM running for 3.116)
2021-05-16 20:25:56,354 INFO org.apache.juli.logging.DirectJDKLog [http-nio-8080-exec-1] Initializing Spring DispatcherServlet 'dispatcherServlet'
2021-05-16 20:25:56,356 INFO org.springframework.web.servlet.FrameworkServlet [http-nio-8080-exec-1] Initializing Servlet 'dispatcherServlet'
2021-05-16 20:25:56,357 INFO org.springframework.web.servlet.FrameworkServlet [http-nio-8080-exec-1] Completed initialization in 1 ms
2021-05-16 20:25:56,939 INFO org.springdoc.api.AbstractOpenApiResource [http-nio-8080-exec-6] Init duration for springdoc-openapi is: 394 ms
