2021-06-08 10:17:01,217 INFO org.springframework.boot.StartupInfoLogger [main] Starting BikesApplication using Java 11.0.8 on DESKTOP-SPU9LGP with PID 10844 (C:\Users\shady\Documents\Proyectos_IntelliJ\Bikes\target\classes started by shady in C:\Users\shady\Documents\Proyectos_IntelliJ\Bikes)
2021-06-08 10:17:01,220 INFO org.springframework.boot.SpringApplication [main] No active profile set, falling back to default profiles: default
2021-06-08 10:17:01,846 INFO org.springframework.data.repository.config.RepositoryConfigurationDelegate [main] Bootstrapping Spring Data JPA repositories in DEFAULT mode.
2021-06-08 10:17:01,910 INFO org.springframework.data.repository.config.RepositoryConfigurationDelegate [main] Finished Spring Data repository scanning in 55 ms. Found 3 JPA repository interfaces.
2021-06-08 10:17:02,465 INFO org.springframework.boot.web.embedded.tomcat.TomcatWebServer [main] Tomcat initialized with port(s): 8080 (http)
2021-06-08 10:17:02,478 INFO org.apache.juli.logging.DirectJDKLog [main] Initializing ProtocolHandler ["http-nio-8080"]
2021-06-08 10:17:02,478 INFO org.apache.juli.logging.DirectJDKLog [main] Starting service [Tomcat]
2021-06-08 10:17:02,479 INFO org.apache.juli.logging.DirectJDKLog [main] Starting Servlet engine: [Apache Tomcat/9.0.45]
2021-06-08 10:17:02,583 INFO org.apache.juli.logging.DirectJDKLog [main] Initializing Spring embedded WebApplicationContext
2021-06-08 10:17:02,584 INFO org.springframework.boot.web.servlet.context.ServletWebServerApplicationContext [main] Root WebApplicationContext: initialization completed in 1330 ms
2021-06-08 10:17:02,743 INFO org.hibernate.jpa.internal.util.LogHelper [main] HHH000204: Processing PersistenceUnitInfo [name: default]
2021-06-08 10:17:02,812 INFO org.hibernate.Version [main] HHH000412: Hibernate ORM core version 5.4.30.Final
2021-06-08 10:17:02,928 INFO org.hibernate.annotations.common.reflection.java.JavaReflectionManager [main] HCANN000001: Hibernate Commons Annotations {5.1.2.Final}
2021-06-08 10:17:03,029 INFO com.zaxxer.hikari.HikariDataSource [main] HikariPool-1 - Starting...
2021-06-08 10:17:03,223 INFO com.zaxxer.hikari.HikariDataSource [main] HikariPool-1 - Start completed.
2021-06-08 10:17:03,239 INFO org.hibernate.dialect.Dialect [main] HHH000400: Using dialect: org.hibernate.dialect.MySQL55Dialect
2021-06-08 10:17:03,864 INFO org.hibernate.engine.transaction.jta.platform.internal.JtaPlatformInitiator [main] HHH000490: Using JtaPlatform implementation: [org.hibernate.engine.transaction.jta.platform.internal.NoJtaPlatform]
2021-06-08 10:17:03,870 INFO org.springframework.orm.jpa.AbstractEntityManagerFactoryBean [main] Initialized JPA EntityManagerFactory for persistence unit 'default'
2021-06-08 10:17:04,160 WARN org.springframework.boot.autoconfigure.orm.jpa.JpaBaseConfiguration$JpaWebConfiguration [main] spring.jpa.open-in-view is enabled by default. Therefore, database queries may be performed during view rendering. Explicitly configure spring.jpa.open-in-view to disable this warning
2021-06-08 10:17:04,217 INFO org.springframework.scheduling.concurrent.ExecutorConfigurationSupport [main] Initializing ExecutorService 'applicationTaskExecutor'
2021-06-08 10:17:04,565 WARN org.springframework.boot.autoconfigure.thymeleaf.ThymeleafAutoConfiguration$DefaultTemplateResolverConfiguration [main] Cannot find template location: classpath:/templates/ (please add some templates or check your Thymeleaf configuration)
2021-06-08 10:17:04,691 INFO org.apache.juli.logging.DirectJDKLog [main] Starting ProtocolHandler ["http-nio-8080"]
2021-06-08 10:17:04,713 INFO org.springframework.boot.web.embedded.tomcat.TomcatWebServer [main] Tomcat started on port(s): 8080 (http) with context path '/bikes'
2021-06-08 10:17:04,719 INFO org.springframework.boot.StartupInfoLogger [main] Started BikesApplication in 3.923 seconds (JVM running for 4.274)
2021-06-08 10:19:39,772 INFO org.apache.juli.logging.DirectJDKLog [http-nio-8080-exec-4] Initializing Spring DispatcherServlet 'dispatcherServlet'
2021-06-08 10:19:39,774 INFO org.springframework.web.servlet.FrameworkServlet [http-nio-8080-exec-4] Initializing Servlet 'dispatcherServlet'
2021-06-08 10:19:39,775 INFO org.springframework.web.servlet.FrameworkServlet [http-nio-8080-exec-4] Completed initialization in 1 ms
2021-06-08 10:19:39,803 INFO com.sanvalero.bikes.controller.ShopController [http-nio-8080-exec-4] Init getShops
2021-06-08 10:19:39,965 INFO com.sanvalero.bikes.controller.ShopController [http-nio-8080-exec-4] End getShops
2021-06-08 15:00:19,893 INFO org.springframework.boot.StartupInfoLogger [main] Starting BikesApplication using Java 11.0.8 on DESKTOP-SPU9LGP with PID 12004 (C:\Users\shady\Documents\Proyectos_IntelliJ\Bikes\target\classes started by shady in C:\Users\shady\Documents\Proyectos_IntelliJ\Bikes)
2021-06-08 15:00:19,894 INFO org.springframework.boot.SpringApplication [main] No active profile set, falling back to default profiles: default
2021-06-08 15:00:20,354 INFO org.springframework.data.repository.config.RepositoryConfigurationDelegate [main] Bootstrapping Spring Data JPA repositories in DEFAULT mode.
2021-06-08 15:00:20,391 INFO org.springframework.data.repository.config.RepositoryConfigurationDelegate [main] Finished Spring Data repository scanning in 33 ms. Found 3 JPA repository interfaces.
2021-06-08 15:00:20,780 INFO org.springframework.boot.web.embedded.tomcat.TomcatWebServer [main] Tomcat initialized with port(s): 8080 (http)
2021-06-08 15:00:20,786 INFO org.apache.juli.logging.DirectJDKLog [main] Initializing ProtocolHandler ["http-nio-8080"]
2021-06-08 15:00:20,786 INFO org.apache.juli.logging.DirectJDKLog [main] Starting service [Tomcat]
2021-06-08 15:00:20,792 INFO org.apache.juli.logging.DirectJDKLog [main] Starting Servlet engine: [Apache Tomcat/9.0.45]
2021-06-08 15:00:20,858 INFO org.apache.juli.logging.DirectJDKLog [main] Initializing Spring embedded WebApplicationContext
2021-06-08 15:00:20,858 INFO org.springframework.boot.web.servlet.context.ServletWebServerApplicationContext [main] Root WebApplicationContext: initialization completed in 936 ms
2021-06-08 15:00:20,977 INFO org.hibernate.jpa.internal.util.LogHelper [main] HHH000204: Processing PersistenceUnitInfo [name: default]
2021-06-08 15:00:21,019 INFO org.hibernate.Version [main] HHH000412: Hibernate ORM core version 5.4.30.Final
2021-06-08 15:00:21,085 INFO org.hibernate.annotations.common.reflection.java.JavaReflectionManager [main] HCANN000001: Hibernate Commons Annotations {5.1.2.Final}
2021-06-08 15:00:21,143 INFO com.zaxxer.hikari.HikariDataSource [main] HikariPool-1 - Starting...
2021-06-08 15:00:21,260 INFO com.zaxxer.hikari.HikariDataSource [main] HikariPool-1 - Start completed.
2021-06-08 15:00:21,269 INFO org.hibernate.dialect.Dialect [main] HHH000400: Using dialect: org.hibernate.dialect.MySQL55Dialect
2021-06-08 15:00:21,667 INFO org.hibernate.engine.transaction.jta.platform.internal.JtaPlatformInitiator [main] HHH000490: Using JtaPlatform implementation: [org.hibernate.engine.transaction.jta.platform.internal.NoJtaPlatform]
2021-06-08 15:00:21,674 INFO org.springframework.orm.jpa.AbstractEntityManagerFactoryBean [main] Initialized JPA EntityManagerFactory for persistence unit 'default'
2021-06-08 15:00:21,900 WARN org.springframework.boot.autoconfigure.orm.jpa.JpaBaseConfiguration$JpaWebConfiguration [main] spring.jpa.open-in-view is enabled by default. Therefore, database queries may be performed during view rendering. Explicitly configure spring.jpa.open-in-view to disable this warning
2021-06-08 15:00:21,945 INFO org.springframework.scheduling.concurrent.ExecutorConfigurationSupport [main] Initializing ExecutorService 'applicationTaskExecutor'
2021-06-08 15:00:22,212 WARN org.springframework.boot.autoconfigure.thymeleaf.ThymeleafAutoConfiguration$DefaultTemplateResolverConfiguration [main] Cannot find template location: classpath:/templates/ (please add some templates or check your Thymeleaf configuration)
2021-06-08 15:00:22,322 INFO org.apache.juli.logging.DirectJDKLog [main] Starting ProtocolHandler ["http-nio-8080"]
2021-06-08 15:00:22,335 INFO org.springframework.boot.web.embedded.tomcat.TomcatWebServer [main] Tomcat started on port(s): 8080 (http) with context path '/bikes'
2021-06-08 15:00:22,343 INFO org.springframework.boot.StartupInfoLogger [main] Started BikesApplication in 2.746 seconds (JVM running for 3.031)
2021-06-08 15:00:58,451 INFO org.apache.juli.logging.DirectJDKLog [http-nio-8080-exec-2] Initializing Spring DispatcherServlet 'dispatcherServlet'
2021-06-08 15:00:58,455 INFO org.springframework.web.servlet.FrameworkServlet [http-nio-8080-exec-2] Initializing Servlet 'dispatcherServlet'
2021-06-08 15:00:58,456 INFO org.springframework.web.servlet.FrameworkServlet [http-nio-8080-exec-2] Completed initialization in 1 ms
2021-06-08 15:00:58,475 INFO com.sanvalero.bikes.controller.BrandController [http-nio-8080-exec-2] Init getBrands
2021-06-08 15:00:58,595 INFO com.sanvalero.bikes.controller.BrandController [http-nio-8080-exec-2] End getBrands
2021-06-08 15:01:52,962 INFO com.sanvalero.bikes.controller.BrandController [http-nio-8080-exec-4] Init getBrands
2021-06-08 15:01:52,967 INFO com.sanvalero.bikes.controller.BrandController [http-nio-8080-exec-4] End getBrands
