2021-06-18 11:04:28,889 INFO org.springframework.boot.StartupInfoLogger [main] Starting BikesApplication using Java 11.0.8 on DESKTOP-SPU9LGP with PID 12448 (C:\Users\shady\Documents\Proyectos_IntelliJ\Bikes\target\classes started by shady in C:\Users\shady\Documents\Proyectos_IntelliJ\Bikes)
2021-06-18 11:04:28,891 INFO org.springframework.boot.SpringApplication [main] No active profile set, falling back to default profiles: default
2021-06-18 11:04:29,418 INFO org.springframework.data.repository.config.RepositoryConfigurationDelegate [main] Bootstrapping Spring Data JPA repositories in DEFAULT mode.
2021-06-18 11:04:29,463 INFO org.springframework.data.repository.config.RepositoryConfigurationDelegate [main] Finished Spring Data repository scanning in 38 ms. Found 3 JPA repository interfaces.
2021-06-18 11:04:29,924 INFO org.springframework.boot.web.embedded.tomcat.TomcatWebServer [main] Tomcat initialized with port(s): 8080 (http)
2021-06-18 11:04:29,934 INFO org.apache.juli.logging.DirectJDKLog [main] Initializing ProtocolHandler ["http-nio-8080"]
2021-06-18 11:04:29,935 INFO org.apache.juli.logging.DirectJDKLog [main] Starting service [Tomcat]
2021-06-18 11:04:29,935 INFO org.apache.juli.logging.DirectJDKLog [main] Starting Servlet engine: [Apache Tomcat/9.0.45]
2021-06-18 11:04:30,022 INFO org.apache.juli.logging.DirectJDKLog [main] Initializing Spring embedded WebApplicationContext
2021-06-18 11:04:30,022 INFO org.springframework.boot.web.servlet.context.ServletWebServerApplicationContext [main] Root WebApplicationContext: initialization completed in 1101 ms
2021-06-18 11:04:30,168 INFO org.hibernate.jpa.internal.util.LogHelper [main] HHH000204: Processing PersistenceUnitInfo [name: default]
2021-06-18 11:04:30,209 INFO org.hibernate.Version [main] HHH000412: Hibernate ORM core version 5.4.30.Final
2021-06-18 11:04:30,297 INFO org.hibernate.annotations.common.reflection.java.JavaReflectionManager [main] HCANN000001: Hibernate Commons Annotations {5.1.2.Final}
2021-06-18 11:04:30,367 INFO com.zaxxer.hikari.HikariDataSource [main] HikariPool-1 - Starting...
2021-06-18 11:04:30,495 INFO com.zaxxer.hikari.HikariDataSource [main] HikariPool-1 - Start completed.
2021-06-18 11:04:30,509 INFO org.hibernate.dialect.Dialect [main] HHH000400: Using dialect: org.hibernate.dialect.MySQL55Dialect
2021-06-18 11:04:30,999 INFO org.hibernate.engine.transaction.jta.platform.internal.JtaPlatformInitiator [main] HHH000490: Using JtaPlatform implementation: [org.hibernate.engine.transaction.jta.platform.internal.NoJtaPlatform]
2021-06-18 11:04:31,008 INFO org.springframework.orm.jpa.AbstractEntityManagerFactoryBean [main] Initialized JPA EntityManagerFactory for persistence unit 'default'
2021-06-18 11:04:31,085 WARN org.springframework.boot.autoconfigure.orm.jpa.JpaBaseConfiguration$JpaWebConfiguration [main] spring.jpa.open-in-view is enabled by default. Therefore, database queries may be performed during view rendering. Explicitly configure spring.jpa.open-in-view to disable this warning
2021-06-18 11:04:31,348 INFO org.springframework.security.web.DefaultSecurityFilterChain [main] Will secure any request with [org.springframework.security.web.context.request.async.WebAsyncManagerIntegrationFilter@19f99aaf, org.springframework.security.web.context.SecurityContextPersistenceFilter@630c3af3, org.springframework.security.web.header.HeaderWriterFilter@34e9de8d, org.springframework.security.web.authentication.logout.LogoutFilter@7c6ab057, org.springframework.security.web.authentication.www.BasicAuthenticationFilter@570127fa, org.springframework.security.web.savedrequest.RequestCacheAwareFilter@5cba474f, org.springframework.security.web.servletapi.SecurityContextHolderAwareRequestFilter@3361d286, org.springframework.security.web.authentication.AnonymousAuthenticationFilter@5020e5ab, org.springframework.security.web.session.SessionManagementFilter@284b487f, org.springframework.security.web.access.ExceptionTranslationFilter@6c1a63f7, org.springframework.security.web.access.intercept.FilterSecurityInterceptor@71cc0e35]
2021-06-18 11:04:31,397 INFO org.springframework.scheduling.concurrent.ExecutorConfigurationSupport [main] Initializing ExecutorService 'applicationTaskExecutor'
2021-06-18 11:04:31,691 WARN org.springframework.boot.autoconfigure.thymeleaf.ThymeleafAutoConfiguration$DefaultTemplateResolverConfiguration [main] Cannot find template location: classpath:/templates/ (please add some templates or check your Thymeleaf configuration)
2021-06-18 11:04:31,819 INFO org.apache.juli.logging.DirectJDKLog [main] Starting ProtocolHandler ["http-nio-8080"]
2021-06-18 11:04:31,837 INFO org.springframework.boot.web.embedded.tomcat.TomcatWebServer [main] Tomcat started on port(s): 8080 (http) with context path '/bikes'
2021-06-18 11:04:31,844 INFO org.springframework.boot.StartupInfoLogger [main] Started BikesApplication in 3.303 seconds (JVM running for 3.616)
2021-06-18 11:06:27,923 INFO org.springframework.boot.StartupInfoLogger [main] Starting BikesApplication using Java 11.0.8 on DESKTOP-SPU9LGP with PID 3112 (C:\Users\shady\Documents\Proyectos_IntelliJ\Bikes\target\classes started by shady in C:\Users\shady\Documents\Proyectos_IntelliJ\Bikes)
2021-06-18 11:06:27,925 INFO org.springframework.boot.SpringApplication [main] No active profile set, falling back to default profiles: default
2021-06-18 11:06:28,408 INFO org.springframework.data.repository.config.RepositoryConfigurationDelegate [main] Bootstrapping Spring Data JPA repositories in DEFAULT mode.
2021-06-18 11:06:28,449 INFO org.springframework.data.repository.config.RepositoryConfigurationDelegate [main] Finished Spring Data repository scanning in 34 ms. Found 3 JPA repository interfaces.
2021-06-18 11:06:28,888 INFO org.springframework.boot.web.embedded.tomcat.TomcatWebServer [main] Tomcat initialized with port(s): 8080 (http)
2021-06-18 11:06:28,895 INFO org.apache.juli.logging.DirectJDKLog [main] Initializing ProtocolHandler ["http-nio-8080"]
2021-06-18 11:06:28,895 INFO org.apache.juli.logging.DirectJDKLog [main] Starting service [Tomcat]
2021-06-18 11:06:28,895 INFO org.apache.juli.logging.DirectJDKLog [main] Starting Servlet engine: [Apache Tomcat/9.0.45]
2021-06-18 11:06:28,963 INFO org.apache.juli.logging.DirectJDKLog [main] Initializing Spring embedded WebApplicationContext
2021-06-18 11:06:28,963 INFO org.springframework.boot.web.servlet.context.ServletWebServerApplicationContext [main] Root WebApplicationContext: initialization completed in 1011 ms
2021-06-18 11:06:29,094 INFO org.hibernate.jpa.internal.util.LogHelper [main] HHH000204: Processing PersistenceUnitInfo [name: default]
2021-06-18 11:06:29,125 INFO org.hibernate.Version [main] HHH000412: Hibernate ORM core version 5.4.30.Final
2021-06-18 11:06:29,192 INFO org.hibernate.annotations.common.reflection.java.JavaReflectionManager [main] HCANN000001: Hibernate Commons Annotations {5.1.2.Final}
2021-06-18 11:06:29,242 INFO com.zaxxer.hikari.HikariDataSource [main] HikariPool-1 - Starting...
2021-06-18 11:06:29,358 INFO com.zaxxer.hikari.HikariDataSource [main] HikariPool-1 - Start completed.
2021-06-18 11:06:29,361 INFO org.hibernate.dialect.Dialect [main] HHH000400: Using dialect: org.hibernate.dialect.MySQL55Dialect
2021-06-18 11:06:29,793 INFO org.hibernate.engine.transaction.jta.platform.internal.JtaPlatformInitiator [main] HHH000490: Using JtaPlatform implementation: [org.hibernate.engine.transaction.jta.platform.internal.NoJtaPlatform]
2021-06-18 11:06:29,800 INFO org.springframework.orm.jpa.AbstractEntityManagerFactoryBean [main] Initialized JPA EntityManagerFactory for persistence unit 'default'
2021-06-18 11:06:29,878 WARN org.springframework.boot.autoconfigure.orm.jpa.JpaBaseConfiguration$JpaWebConfiguration [main] spring.jpa.open-in-view is enabled by default. Therefore, database queries may be performed during view rendering. Explicitly configure spring.jpa.open-in-view to disable this warning
2021-06-18 11:06:30,138 INFO org.springframework.security.web.DefaultSecurityFilterChain [main] Will secure any request with [org.springframework.security.web.context.request.async.WebAsyncManagerIntegrationFilter@5a07ae2f, org.springframework.security.web.context.SecurityContextPersistenceFilter@1bba9862, org.springframework.security.web.header.HeaderWriterFilter@cfc4601, org.springframework.security.web.authentication.logout.LogoutFilter@5b1f0f26, org.springframework.security.web.authentication.www.BasicAuthenticationFilter@632b96b8, org.springframework.security.web.savedrequest.RequestCacheAwareFilter@565c887e, org.springframework.security.web.servletapi.SecurityContextHolderAwareRequestFilter@7c6ab057, org.springframework.security.web.authentication.AnonymousAuthenticationFilter@78829412, org.springframework.security.web.session.SessionManagementFilter@8f374de, org.springframework.security.web.access.ExceptionTranslationFilter@5cba474f, org.springframework.security.web.access.intercept.FilterSecurityInterceptor@2ffcdc9b]
2021-06-18 11:06:30,180 INFO org.springframework.scheduling.concurrent.ExecutorConfigurationSupport [main] Initializing ExecutorService 'applicationTaskExecutor'
2021-06-18 11:06:30,444 WARN org.springframework.boot.autoconfigure.thymeleaf.ThymeleafAutoConfiguration$DefaultTemplateResolverConfiguration [main] Cannot find template location: classpath:/templates/ (please add some templates or check your Thymeleaf configuration)
2021-06-18 11:06:30,576 INFO org.apache.juli.logging.DirectJDKLog [main] Starting ProtocolHandler ["http-nio-8080"]
2021-06-18 11:06:30,591 INFO org.springframework.boot.web.embedded.tomcat.TomcatWebServer [main] Tomcat started on port(s): 8080 (http) with context path '/bikes'
2021-06-18 11:06:30,598 INFO org.springframework.boot.StartupInfoLogger [main] Started BikesApplication in 2.968 seconds (JVM running for 3.273)
2021-06-18 11:06:52,737 INFO org.apache.juli.logging.DirectJDKLog [http-nio-8080-exec-3] Initializing Spring DispatcherServlet 'dispatcherServlet'
2021-06-18 11:06:52,738 INFO org.springframework.web.servlet.FrameworkServlet [http-nio-8080-exec-3] Initializing Servlet 'dispatcherServlet'
2021-06-18 11:06:52,739 INFO org.springframework.web.servlet.FrameworkServlet [http-nio-8080-exec-3] Completed initialization in 1 ms
2021-06-18 11:06:52,772 INFO com.sanvalero.bikes.controller.ShopController [http-nio-8080-exec-3] Init getShops
2021-06-18 11:06:52,962 INFO com.sanvalero.bikes.controller.ShopController [http-nio-8080-exec-3] End getShops
2021-06-18 11:09:10,805 INFO org.springframework.boot.StartupInfoLogger [main] Starting BikesApplication using Java 11.0.8 on DESKTOP-SPU9LGP with PID 8096 (C:\Users\shady\Documents\Proyectos_IntelliJ\Bikes\target\classes started by shady in C:\Users\shady\Documents\Proyectos_IntelliJ\Bikes)
2021-06-18 11:09:10,807 INFO org.springframework.boot.SpringApplication [main] No active profile set, falling back to default profiles: default
2021-06-18 11:09:11,229 INFO org.springframework.data.repository.config.RepositoryConfigurationDelegate [main] Bootstrapping Spring Data JPA repositories in DEFAULT mode.
2021-06-18 11:09:11,292 INFO org.springframework.data.repository.config.RepositoryConfigurationDelegate [main] Finished Spring Data repository scanning in 55 ms. Found 3 JPA repository interfaces.
2021-06-18 11:09:11,718 INFO org.springframework.boot.web.embedded.tomcat.TomcatWebServer [main] Tomcat initialized with port(s): 8080 (http)
2021-06-18 11:09:11,721 INFO org.apache.juli.logging.DirectJDKLog [main] Initializing ProtocolHandler ["http-nio-8080"]
2021-06-18 11:09:11,721 INFO org.apache.juli.logging.DirectJDKLog [main] Starting service [Tomcat]
2021-06-18 11:09:11,726 INFO org.apache.juli.logging.DirectJDKLog [main] Starting Servlet engine: [Apache Tomcat/9.0.45]
2021-06-18 11:09:11,794 INFO org.apache.juli.logging.DirectJDKLog [main] Initializing Spring embedded WebApplicationContext
2021-06-18 11:09:11,794 INFO org.springframework.boot.web.servlet.context.ServletWebServerApplicationContext [main] Root WebApplicationContext: initialization completed in 960 ms
2021-06-18 11:09:11,931 INFO org.hibernate.jpa.internal.util.LogHelper [main] HHH000204: Processing PersistenceUnitInfo [name: default]
2021-06-18 11:09:11,963 INFO org.hibernate.Version [main] HHH000412: Hibernate ORM core version 5.4.30.Final
2021-06-18 11:09:12,031 INFO org.hibernate.annotations.common.reflection.java.JavaReflectionManager [main] HCANN000001: Hibernate Commons Annotations {5.1.2.Final}
2021-06-18 11:09:12,083 INFO com.zaxxer.hikari.HikariDataSource [main] HikariPool-1 - Starting...
2021-06-18 11:09:12,199 INFO com.zaxxer.hikari.HikariDataSource [main] HikariPool-1 - Start completed.
2021-06-18 11:09:12,211 INFO org.hibernate.dialect.Dialect [main] HHH000400: Using dialect: org.hibernate.dialect.MySQL55Dialect
2021-06-18 11:09:12,619 INFO org.hibernate.engine.transaction.jta.platform.internal.JtaPlatformInitiator [main] HHH000490: Using JtaPlatform implementation: [org.hibernate.engine.transaction.jta.platform.internal.NoJtaPlatform]
2021-06-18 11:09:12,625 INFO org.springframework.orm.jpa.AbstractEntityManagerFactoryBean [main] Initialized JPA EntityManagerFactory for persistence unit 'default'
2021-06-18 11:09:12,698 WARN org.springframework.boot.autoconfigure.orm.jpa.JpaBaseConfiguration$JpaWebConfiguration [main] spring.jpa.open-in-view is enabled by default. Therefore, database queries may be performed during view rendering. Explicitly configure spring.jpa.open-in-view to disable this warning
2021-06-18 11:09:12,740 INFO org.springframework.scheduling.concurrent.ExecutorConfigurationSupport [main] Initializing ExecutorService 'applicationTaskExecutor'
2021-06-18 11:09:13,030 WARN org.springframework.boot.autoconfigure.thymeleaf.ThymeleafAutoConfiguration$DefaultTemplateResolverConfiguration [main] Cannot find template location: classpath:/templates/ (please add some templates or check your Thymeleaf configuration)
2021-06-18 11:09:13,300 INFO org.springframework.boot.autoconfigure.security.servlet.UserDetailsServiceAutoConfiguration [main] 

Using generated security password: 4651e8c3-94c2-43dd-ba22-fd149fef444f

2021-06-18 11:09:13,367 INFO org.springframework.security.web.DefaultSecurityFilterChain [main] Will secure any request with [org.springframework.security.web.context.request.async.WebAsyncManagerIntegrationFilter@7bb86ac, org.springframework.security.web.context.SecurityContextPersistenceFilter@68cb8e52, org.springframework.security.web.header.HeaderWriterFilter@7e017f47, org.springframework.security.web.csrf.CsrfFilter@aade5a2, org.springframework.security.web.authentication.logout.LogoutFilter@7298c2d9, org.springframework.security.web.authentication.UsernamePasswordAuthenticationFilter@62ff14cd, org.springframework.security.web.authentication.ui.DefaultLoginPageGeneratingFilter@377cbdae, org.springframework.security.web.authentication.ui.DefaultLogoutPageGeneratingFilter@33bf2602, org.springframework.security.web.authentication.www.BasicAuthenticationFilter@7d4135c9, org.springframework.security.web.savedrequest.RequestCacheAwareFilter@74f92d14, org.springframework.security.web.servletapi.SecurityContextHolderAwareRequestFilter@c4455b4, org.springframework.security.web.authentication.AnonymousAuthenticationFilter@4724b2c1, org.springframework.security.web.session.SessionManagementFilter@7e36d508, org.springframework.security.web.access.ExceptionTranslationFilter@684430c1, org.springframework.security.web.access.intercept.FilterSecurityInterceptor@160cf225]
2021-06-18 11:09:13,406 INFO org.apache.juli.logging.DirectJDKLog [main] Starting ProtocolHandler ["http-nio-8080"]
2021-06-18 11:09:13,420 INFO org.springframework.boot.web.embedded.tomcat.TomcatWebServer [main] Tomcat started on port(s): 8080 (http) with context path '/bikes'
2021-06-18 11:09:13,427 INFO org.springframework.boot.StartupInfoLogger [main] Started BikesApplication in 2.916 seconds (JVM running for 3.198)
2021-06-18 11:09:25,594 INFO org.apache.juli.logging.DirectJDKLog [http-nio-8080-exec-2] Initializing Spring DispatcherServlet 'dispatcherServlet'
2021-06-18 11:09:25,595 INFO org.springframework.web.servlet.FrameworkServlet [http-nio-8080-exec-2] Initializing Servlet 'dispatcherServlet'
2021-06-18 11:09:25,596 INFO org.springframework.web.servlet.FrameworkServlet [http-nio-8080-exec-2] Completed initialization in 1 ms
2021-06-18 11:14:33,051 INFO org.springframework.boot.StartupInfoLogger [main] Starting BikesApplication using Java 11.0.8 on DESKTOP-SPU9LGP with PID 16668 (C:\Users\shady\Documents\Proyectos_IntelliJ\Bikes\target\classes started by shady in C:\Users\shady\Documents\Proyectos_IntelliJ\Bikes)
2021-06-18 11:14:33,054 INFO org.springframework.boot.SpringApplication [main] No active profile set, falling back to default profiles: default
2021-06-18 11:14:33,477 INFO org.springframework.data.repository.config.RepositoryConfigurationDelegate [main] Bootstrapping Spring Data JPA repositories in DEFAULT mode.
2021-06-18 11:14:33,546 INFO org.springframework.data.repository.config.RepositoryConfigurationDelegate [main] Finished Spring Data repository scanning in 59 ms. Found 3 JPA repository interfaces.
2021-06-18 11:14:33,960 INFO org.springframework.boot.web.embedded.tomcat.TomcatWebServer [main] Tomcat initialized with port(s): 8080 (http)
2021-06-18 11:14:33,963 INFO org.apache.juli.logging.DirectJDKLog [main] Initializing ProtocolHandler ["http-nio-8080"]
2021-06-18 11:14:33,963 INFO org.apache.juli.logging.DirectJDKLog [main] Starting service [Tomcat]
2021-06-18 11:14:33,968 INFO org.apache.juli.logging.DirectJDKLog [main] Starting Servlet engine: [Apache Tomcat/9.0.45]
2021-06-18 11:14:34,038 INFO org.apache.juli.logging.DirectJDKLog [main] Initializing Spring embedded WebApplicationContext
2021-06-18 11:14:34,038 INFO org.springframework.boot.web.servlet.context.ServletWebServerApplicationContext [main] Root WebApplicationContext: initialization completed in 957 ms
2021-06-18 11:14:34,183 INFO org.hibernate.jpa.internal.util.LogHelper [main] HHH000204: Processing PersistenceUnitInfo [name: default]
2021-06-18 11:14:34,212 INFO org.hibernate.Version [main] HHH000412: Hibernate ORM core version 5.4.30.Final
2021-06-18 11:14:34,296 INFO org.hibernate.annotations.common.reflection.java.JavaReflectionManager [main] HCANN000001: Hibernate Commons Annotations {5.1.2.Final}
2021-06-18 11:14:34,361 INFO com.zaxxer.hikari.HikariDataSource [main] HikariPool-1 - Starting...
2021-06-18 11:14:34,465 INFO com.zaxxer.hikari.HikariDataSource [main] HikariPool-1 - Start completed.
2021-06-18 11:14:34,476 INFO org.hibernate.dialect.Dialect [main] HHH000400: Using dialect: org.hibernate.dialect.MySQL55Dialect
2021-06-18 11:14:34,879 INFO org.hibernate.engine.transaction.jta.platform.internal.JtaPlatformInitiator [main] HHH000490: Using JtaPlatform implementation: [org.hibernate.engine.transaction.jta.platform.internal.NoJtaPlatform]
2021-06-18 11:14:34,884 INFO org.springframework.orm.jpa.AbstractEntityManagerFactoryBean [main] Initialized JPA EntityManagerFactory for persistence unit 'default'
2021-06-18 11:14:34,954 WARN org.springframework.boot.autoconfigure.orm.jpa.JpaBaseConfiguration$JpaWebConfiguration [main] spring.jpa.open-in-view is enabled by default. Therefore, database queries may be performed during view rendering. Explicitly configure spring.jpa.open-in-view to disable this warning
2021-06-18 11:14:35,002 INFO org.springframework.scheduling.concurrent.ExecutorConfigurationSupport [main] Initializing ExecutorService 'applicationTaskExecutor'
2021-06-18 11:14:35,299 WARN org.springframework.boot.autoconfigure.thymeleaf.ThymeleafAutoConfiguration$DefaultTemplateResolverConfiguration [main] Cannot find template location: classpath:/templates/ (please add some templates or check your Thymeleaf configuration)
2021-06-18 11:14:35,566 INFO org.springframework.boot.autoconfigure.security.servlet.UserDetailsServiceAutoConfiguration [main] 

Using generated security password: a7e8ef3a-1c60-4e8b-8c05-901534ddf031

2021-06-18 11:14:35,632 INFO org.springframework.security.web.DefaultSecurityFilterChain [main] Will secure any request with [org.springframework.security.web.context.request.async.WebAsyncManagerIntegrationFilter@7bb86ac, org.springframework.security.web.context.SecurityContextPersistenceFilter@68cb8e52, org.springframework.security.web.header.HeaderWriterFilter@7e017f47, org.springframework.security.web.csrf.CsrfFilter@aade5a2, org.springframework.security.web.authentication.logout.LogoutFilter@7298c2d9, org.springframework.security.web.authentication.UsernamePasswordAuthenticationFilter@62ff14cd, org.springframework.security.web.authentication.ui.DefaultLoginPageGeneratingFilter@377cbdae, org.springframework.security.web.authentication.ui.DefaultLogoutPageGeneratingFilter@33bf2602, org.springframework.security.web.authentication.www.BasicAuthenticationFilter@7d4135c9, org.springframework.security.web.savedrequest.RequestCacheAwareFilter@74f92d14, org.springframework.security.web.servletapi.SecurityContextHolderAwareRequestFilter@c4455b4, org.springframework.security.web.authentication.AnonymousAuthenticationFilter@4724b2c1, org.springframework.security.web.session.SessionManagementFilter@7e36d508, org.springframework.security.web.access.ExceptionTranslationFilter@684430c1, org.springframework.security.web.access.intercept.FilterSecurityInterceptor@160cf225]
2021-06-18 11:14:35,660 INFO org.apache.juli.logging.DirectJDKLog [main] Starting ProtocolHandler ["http-nio-8080"]
2021-06-18 11:14:35,674 INFO org.springframework.boot.web.embedded.tomcat.TomcatWebServer [main] Tomcat started on port(s): 8080 (http) with context path '/bikes'
2021-06-18 11:14:35,680 INFO org.springframework.boot.StartupInfoLogger [main] Started BikesApplication in 2.922 seconds (JVM running for 3.219)
2021-06-18 11:15:12,317 INFO org.apache.juli.logging.DirectJDKLog [http-nio-8080-exec-1] Initializing Spring DispatcherServlet 'dispatcherServlet'
2021-06-18 11:15:12,318 INFO org.springframework.web.servlet.FrameworkServlet [http-nio-8080-exec-1] Initializing Servlet 'dispatcherServlet'
2021-06-18 11:15:12,319 INFO org.springframework.web.servlet.FrameworkServlet [http-nio-8080-exec-1] Completed initialization in 1 ms
2021-06-18 11:17:20,029 INFO org.springframework.boot.StartupInfoLogger [main] Starting BikesApplication using Java 11.0.8 on DESKTOP-SPU9LGP with PID 10116 (C:\Users\shady\Documents\Proyectos_IntelliJ\Bikes\target\classes started by shady in C:\Users\shady\Documents\Proyectos_IntelliJ\Bikes)
2021-06-18 11:17:20,032 INFO org.springframework.boot.SpringApplication [main] No active profile set, falling back to default profiles: default
2021-06-18 11:17:20,467 INFO org.springframework.data.repository.config.RepositoryConfigurationDelegate [main] Bootstrapping Spring Data JPA repositories in DEFAULT mode.
2021-06-18 11:17:20,534 INFO org.springframework.data.repository.config.RepositoryConfigurationDelegate [main] Finished Spring Data repository scanning in 61 ms. Found 3 JPA repository interfaces.
2021-06-18 11:17:20,989 INFO org.springframework.boot.web.embedded.tomcat.TomcatWebServer [main] Tomcat initialized with port(s): 8080 (http)
2021-06-18 11:17:20,996 INFO org.apache.juli.logging.DirectJDKLog [main] Initializing ProtocolHandler ["http-nio-8080"]
2021-06-18 11:17:20,997 INFO org.apache.juli.logging.DirectJDKLog [main] Starting service [Tomcat]
2021-06-18 11:17:20,997 INFO org.apache.juli.logging.DirectJDKLog [main] Starting Servlet engine: [Apache Tomcat/9.0.45]
2021-06-18 11:17:21,077 INFO org.apache.juli.logging.DirectJDKLog [main] Initializing Spring embedded WebApplicationContext
2021-06-18 11:17:21,077 INFO org.springframework.boot.web.servlet.context.ServletWebServerApplicationContext [main] Root WebApplicationContext: initialization completed in 1018 ms
2021-06-18 11:17:21,205 INFO org.hibernate.jpa.internal.util.LogHelper [main] HHH000204: Processing PersistenceUnitInfo [name: default]
2021-06-18 11:17:21,248 INFO org.hibernate.Version [main] HHH000412: Hibernate ORM core version 5.4.30.Final
2021-06-18 11:17:21,328 INFO org.hibernate.annotations.common.reflection.java.JavaReflectionManager [main] HCANN000001: Hibernate Commons Annotations {5.1.2.Final}
2021-06-18 11:17:21,387 INFO com.zaxxer.hikari.HikariDataSource [main] HikariPool-1 - Starting...
2021-06-18 11:17:21,501 INFO com.zaxxer.hikari.HikariDataSource [main] HikariPool-1 - Start completed.
2021-06-18 11:17:21,514 INFO org.hibernate.dialect.Dialect [main] HHH000400: Using dialect: org.hibernate.dialect.MySQL55Dialect
2021-06-18 11:17:21,930 INFO org.hibernate.engine.transaction.jta.platform.internal.JtaPlatformInitiator [main] HHH000490: Using JtaPlatform implementation: [org.hibernate.engine.transaction.jta.platform.internal.NoJtaPlatform]
2021-06-18 11:17:21,936 INFO org.springframework.orm.jpa.AbstractEntityManagerFactoryBean [main] Initialized JPA EntityManagerFactory for persistence unit 'default'
2021-06-18 11:17:22,016 WARN org.springframework.boot.autoconfigure.orm.jpa.JpaBaseConfiguration$JpaWebConfiguration [main] spring.jpa.open-in-view is enabled by default. Therefore, database queries may be performed during view rendering. Explicitly configure spring.jpa.open-in-view to disable this warning
2021-06-18 11:17:22,068 INFO org.springframework.scheduling.concurrent.ExecutorConfigurationSupport [main] Initializing ExecutorService 'applicationTaskExecutor'
2021-06-18 11:17:22,355 WARN org.springframework.boot.autoconfigure.thymeleaf.ThymeleafAutoConfiguration$DefaultTemplateResolverConfiguration [main] Cannot find template location: classpath:/templates/ (please add some templates or check your Thymeleaf configuration)
2021-06-18 11:17:22,627 INFO org.springframework.boot.autoconfigure.security.servlet.UserDetailsServiceAutoConfiguration [main] 

Using generated security password: 33b20406-b2b0-4106-ab52-062576730bc6

2021-06-18 11:17:22,705 INFO org.springframework.security.web.DefaultSecurityFilterChain [main] Will secure any request with [org.springframework.security.web.context.request.async.WebAsyncManagerIntegrationFilter@33bf2602, org.springframework.security.web.context.SecurityContextPersistenceFilter@3c2f310c, org.springframework.security.web.header.HeaderWriterFilter@6166aac5, org.springframework.security.web.csrf.CsrfFilter@51f009ef, org.springframework.security.web.authentication.logout.LogoutFilter@377cbdae, org.springframework.security.web.authentication.UsernamePasswordAuthenticationFilter@6ae6a77b, org.springframework.security.web.authentication.ui.DefaultLoginPageGeneratingFilter@37a939bc, org.springframework.security.web.authentication.ui.DefaultLogoutPageGeneratingFilter@4724b2c1, org.springframework.security.web.authentication.www.BasicAuthenticationFilter@59db8216, org.springframework.security.web.savedrequest.RequestCacheAwareFilter@40071890, org.springframework.security.web.servletapi.SecurityContextHolderAwareRequestFilter@747f0f34, org.springframework.security.web.authentication.AnonymousAuthenticationFilter@426a4301, org.springframework.security.web.session.SessionManagementFilter@1d4531fa, org.springframework.security.web.access.ExceptionTranslationFilter@46eb2260, org.springframework.security.web.access.intercept.FilterSecurityInterceptor@6a262980]
2021-06-18 11:17:22,738 INFO org.apache.juli.logging.DirectJDKLog [main] Starting ProtocolHandler ["http-nio-8080"]
2021-06-18 11:17:22,777 INFO org.springframework.boot.web.embedded.tomcat.TomcatWebServer [main] Tomcat started on port(s): 8080 (http) with context path '/bikes'
2021-06-18 11:17:22,787 INFO org.springframework.boot.StartupInfoLogger [main] Started BikesApplication in 3.064 seconds (JVM running for 3.356)
2021-06-18 11:17:36,667 INFO org.apache.juli.logging.DirectJDKLog [http-nio-8080-exec-1] Initializing Spring DispatcherServlet 'dispatcherServlet'
2021-06-18 11:17:36,668 INFO org.springframework.web.servlet.FrameworkServlet [http-nio-8080-exec-1] Initializing Servlet 'dispatcherServlet'
2021-06-18 11:17:36,669 INFO org.springframework.web.servlet.FrameworkServlet [http-nio-8080-exec-1] Completed initialization in 1 ms
2021-06-18 11:20:35,745 INFO org.springframework.boot.StartupInfoLogger [main] Starting BikesApplication using Java 11.0.8 on DESKTOP-SPU9LGP with PID 16168 (C:\Users\shady\Documents\Proyectos_IntelliJ\Bikes\target\classes started by shady in C:\Users\shady\Documents\Proyectos_IntelliJ\Bikes)
2021-06-18 11:20:35,746 INFO org.springframework.boot.SpringApplication [main] No active profile set, falling back to default profiles: default
2021-06-18 11:20:36,181 INFO org.springframework.data.repository.config.RepositoryConfigurationDelegate [main] Bootstrapping Spring Data JPA repositories in DEFAULT mode.
2021-06-18 11:20:36,249 INFO org.springframework.data.repository.config.RepositoryConfigurationDelegate [main] Finished Spring Data repository scanning in 62 ms. Found 3 JPA repository interfaces.
2021-06-18 11:20:36,663 INFO org.springframework.boot.web.embedded.tomcat.TomcatWebServer [main] Tomcat initialized with port(s): 8080 (http)
2021-06-18 11:20:36,666 INFO org.apache.juli.logging.DirectJDKLog [main] Initializing ProtocolHandler ["http-nio-8080"]
2021-06-18 11:20:36,666 INFO org.apache.juli.logging.DirectJDKLog [main] Starting service [Tomcat]
2021-06-18 11:20:36,671 INFO org.apache.juli.logging.DirectJDKLog [main] Starting Servlet engine: [Apache Tomcat/9.0.45]
2021-06-18 11:20:36,762 INFO org.apache.juli.logging.DirectJDKLog [main] Initializing Spring embedded WebApplicationContext
2021-06-18 11:20:36,762 INFO org.springframework.boot.web.servlet.context.ServletWebServerApplicationContext [main] Root WebApplicationContext: initialization completed in 987 ms
2021-06-18 11:20:36,882 INFO org.hibernate.jpa.internal.util.LogHelper [main] HHH000204: Processing PersistenceUnitInfo [name: default]
2021-06-18 11:20:36,906 INFO org.hibernate.Version [main] HHH000412: Hibernate ORM core version 5.4.30.Final
2021-06-18 11:20:36,988 INFO org.hibernate.annotations.common.reflection.java.JavaReflectionManager [main] HCANN000001: Hibernate Commons Annotations {5.1.2.Final}
2021-06-18 11:20:37,038 INFO com.zaxxer.hikari.HikariDataSource [main] HikariPool-1 - Starting...
2021-06-18 11:20:37,156 INFO com.zaxxer.hikari.HikariDataSource [main] HikariPool-1 - Start completed.
2021-06-18 11:20:37,159 INFO org.hibernate.dialect.Dialect [main] HHH000400: Using dialect: org.hibernate.dialect.MySQL55Dialect
2021-06-18 11:20:37,611 INFO org.hibernate.engine.transaction.jta.platform.internal.JtaPlatformInitiator [main] HHH000490: Using JtaPlatform implementation: [org.hibernate.engine.transaction.jta.platform.internal.NoJtaPlatform]
2021-06-18 11:20:37,616 INFO org.springframework.orm.jpa.AbstractEntityManagerFactoryBean [main] Initialized JPA EntityManagerFactory for persistence unit 'default'
2021-06-18 11:20:37,685 WARN org.springframework.boot.autoconfigure.orm.jpa.JpaBaseConfiguration$JpaWebConfiguration [main] spring.jpa.open-in-view is enabled by default. Therefore, database queries may be performed during view rendering. Explicitly configure spring.jpa.open-in-view to disable this warning
2021-06-18 11:20:37,728 INFO org.springframework.scheduling.concurrent.ExecutorConfigurationSupport [main] Initializing ExecutorService 'applicationTaskExecutor'
2021-06-18 11:20:38,040 WARN org.springframework.boot.autoconfigure.thymeleaf.ThymeleafAutoConfiguration$DefaultTemplateResolverConfiguration [main] Cannot find template location: classpath:/templates/ (please add some templates or check your Thymeleaf configuration)
2021-06-18 11:20:38,302 INFO org.springframework.boot.autoconfigure.security.servlet.UserDetailsServiceAutoConfiguration [main] 

Using generated security password: 69d472d4-53cc-4387-862c-aa2722bfc679

2021-06-18 11:20:38,362 INFO org.springframework.security.web.DefaultSecurityFilterChain [main] Will secure any request with [org.springframework.security.web.context.request.async.WebAsyncManagerIntegrationFilter@33bf2602, org.springframework.security.web.context.SecurityContextPersistenceFilter@3c2f310c, org.springframework.security.web.header.HeaderWriterFilter@6166aac5, org.springframework.security.web.csrf.CsrfFilter@51f009ef, org.springframework.security.web.authentication.logout.LogoutFilter@377cbdae, org.springframework.security.web.authentication.UsernamePasswordAuthenticationFilter@6ae6a77b, org.springframework.security.web.authentication.ui.DefaultLoginPageGeneratingFilter@37a939bc, org.springframework.security.web.authentication.ui.DefaultLogoutPageGeneratingFilter@4724b2c1, org.springframework.security.web.authentication.www.BasicAuthenticationFilter@59db8216, org.springframework.security.web.savedrequest.RequestCacheAwareFilter@40071890, org.springframework.security.web.servletapi.SecurityContextHolderAwareRequestFilter@747f0f34, org.springframework.security.web.authentication.AnonymousAuthenticationFilter@426a4301, org.springframework.security.web.session.SessionManagementFilter@1d4531fa, org.springframework.security.web.access.ExceptionTranslationFilter@46eb2260, org.springframework.security.web.access.intercept.FilterSecurityInterceptor@6a262980]
2021-06-18 11:20:38,393 INFO org.apache.juli.logging.DirectJDKLog [main] Starting ProtocolHandler ["http-nio-8080"]
2021-06-18 11:20:38,409 INFO org.springframework.boot.web.embedded.tomcat.TomcatWebServer [main] Tomcat started on port(s): 8080 (http) with context path '/bikes'
2021-06-18 11:20:38,416 INFO org.springframework.boot.StartupInfoLogger [main] Started BikesApplication in 2.972 seconds (JVM running for 3.272)
2021-06-18 11:20:44,108 INFO org.apache.juli.logging.DirectJDKLog [http-nio-8080-exec-4] Initializing Spring DispatcherServlet 'dispatcherServlet'
2021-06-18 11:20:44,108 INFO org.springframework.web.servlet.FrameworkServlet [http-nio-8080-exec-4] Initializing Servlet 'dispatcherServlet'
2021-06-18 11:20:44,110 INFO org.springframework.web.servlet.FrameworkServlet [http-nio-8080-exec-4] Completed initialization in 2 ms
2021-06-18 11:23:24,219 INFO org.springframework.boot.StartupInfoLogger [main] Starting BikesApplication using Java 11.0.8 on DESKTOP-SPU9LGP with PID 12520 (C:\Users\shady\Documents\Proyectos_IntelliJ\Bikes\target\classes started by shady in C:\Users\shady\Documents\Proyectos_IntelliJ\Bikes)
2021-06-18 11:23:24,221 INFO org.springframework.boot.SpringApplication [main] No active profile set, falling back to default profiles: default
2021-06-18 11:23:24,716 INFO org.springframework.data.repository.config.RepositoryConfigurationDelegate [main] Bootstrapping Spring Data JPA repositories in DEFAULT mode.
2021-06-18 11:23:24,769 INFO org.springframework.data.repository.config.RepositoryConfigurationDelegate [main] Finished Spring Data repository scanning in 45 ms. Found 3 JPA repository interfaces.
2021-06-18 11:23:25,224 INFO org.springframework.boot.web.embedded.tomcat.TomcatWebServer [main] Tomcat initialized with port(s): 8080 (http)
2021-06-18 11:23:25,229 INFO org.apache.juli.logging.DirectJDKLog [main] Initializing ProtocolHandler ["http-nio-8080"]
2021-06-18 11:23:25,229 INFO org.apache.juli.logging.DirectJDKLog [main] Starting service [Tomcat]
2021-06-18 11:23:25,234 INFO org.apache.juli.logging.DirectJDKLog [main] Starting Servlet engine: [Apache Tomcat/9.0.45]
2021-06-18 11:23:25,308 INFO org.apache.juli.logging.DirectJDKLog [main] Initializing Spring embedded WebApplicationContext
2021-06-18 11:23:25,308 INFO org.springframework.boot.web.servlet.context.ServletWebServerApplicationContext [main] Root WebApplicationContext: initialization completed in 1061 ms
2021-06-18 11:23:25,461 INFO org.hibernate.jpa.internal.util.LogHelper [main] HHH000204: Processing PersistenceUnitInfo [name: default]
2021-06-18 11:23:25,497 INFO org.hibernate.Version [main] HHH000412: Hibernate ORM core version 5.4.30.Final
2021-06-18 11:23:25,570 INFO org.hibernate.annotations.common.reflection.java.JavaReflectionManager [main] HCANN000001: Hibernate Commons Annotations {5.1.2.Final}
2021-06-18 11:23:25,640 INFO com.zaxxer.hikari.HikariDataSource [main] HikariPool-1 - Starting...
2021-06-18 11:23:25,752 INFO com.zaxxer.hikari.HikariDataSource [main] HikariPool-1 - Start completed.
2021-06-18 11:23:25,758 INFO org.hibernate.dialect.Dialect [main] HHH000400: Using dialect: org.hibernate.dialect.MySQL55Dialect
2021-06-18 11:23:26,193 INFO org.hibernate.engine.transaction.jta.platform.internal.JtaPlatformInitiator [main] HHH000490: Using JtaPlatform implementation: [org.hibernate.engine.transaction.jta.platform.internal.NoJtaPlatform]
2021-06-18 11:23:26,198 INFO org.springframework.orm.jpa.AbstractEntityManagerFactoryBean [main] Initialized JPA EntityManagerFactory for persistence unit 'default'
2021-06-18 11:23:26,278 WARN org.springframework.boot.autoconfigure.orm.jpa.JpaBaseConfiguration$JpaWebConfiguration [main] spring.jpa.open-in-view is enabled by default. Therefore, database queries may be performed during view rendering. Explicitly configure spring.jpa.open-in-view to disable this warning
2021-06-18 11:23:26,557 INFO org.springframework.security.web.DefaultSecurityFilterChain [main] Will secure any request with [org.springframework.security.web.context.request.async.WebAsyncManagerIntegrationFilter@161c9468, org.springframework.security.web.context.SecurityContextPersistenceFilter@2f2f92f, org.springframework.security.web.header.HeaderWriterFilter@7c9512c6, org.springframework.security.web.authentication.logout.LogoutFilter@ce0bbd5, org.springframework.security.web.authentication.www.BasicAuthenticationFilter@5020e5ab, org.springframework.security.web.savedrequest.RequestCacheAwareFilter@240291d9, org.springframework.security.web.servletapi.SecurityContextHolderAwareRequestFilter@6765b6a2, org.springframework.security.web.authentication.AnonymousAuthenticationFilter@629de8, org.springframework.security.web.session.SessionManagementFilter@291028d7, org.springframework.security.web.access.ExceptionTranslationFilter@33a8f553, org.springframework.security.web.access.intercept.FilterSecurityInterceptor@314c28dc]
2021-06-18 11:23:26,614 INFO org.springframework.scheduling.concurrent.ExecutorConfigurationSupport [main] Initializing ExecutorService 'applicationTaskExecutor'
2021-06-18 11:23:26,891 WARN org.springframework.boot.autoconfigure.thymeleaf.ThymeleafAutoConfiguration$DefaultTemplateResolverConfiguration [main] Cannot find template location: classpath:/templates/ (please add some templates or check your Thymeleaf configuration)
2021-06-18 11:23:27,027 INFO org.apache.juli.logging.DirectJDKLog [main] Starting ProtocolHandler ["http-nio-8080"]
2021-06-18 11:23:27,042 INFO org.springframework.boot.web.embedded.tomcat.TomcatWebServer [main] Tomcat started on port(s): 8080 (http) with context path '/bikes'
2021-06-18 11:23:27,049 INFO org.springframework.boot.StartupInfoLogger [main] Started BikesApplication in 3.119 seconds (JVM running for 3.404)
2021-06-18 11:23:32,665 INFO org.apache.juli.logging.DirectJDKLog [http-nio-8080-exec-2] Initializing Spring DispatcherServlet 'dispatcherServlet'
2021-06-18 11:23:32,665 INFO org.springframework.web.servlet.FrameworkServlet [http-nio-8080-exec-2] Initializing Servlet 'dispatcherServlet'
2021-06-18 11:23:32,667 INFO org.springframework.web.servlet.FrameworkServlet [http-nio-8080-exec-2] Completed initialization in 1 ms
2021-06-18 11:23:32,782 ERROR org.apache.juli.logging.DirectJDKLog [http-nio-8080-exec-2] Servlet.service() for servlet [dispatcherServlet] in context with path [/bikes] threw exception
java.lang.IllegalArgumentException: There is no PasswordEncoder mapped for the id "null"
	at org.springframework.security.crypto.password.DelegatingPasswordEncoder$UnmappedIdPasswordEncoder.matches(DelegatingPasswordEncoder.java:254)
	at org.springframework.security.crypto.password.DelegatingPasswordEncoder.matches(DelegatingPasswordEncoder.java:202)
	at org.springframework.security.config.annotation.web.configuration.WebSecurityConfigurerAdapter$LazyPasswordEncoder.matches(WebSecurityConfigurerAdapter.java:595)
	at org.springframework.security.authentication.dao.DaoAuthenticationProvider.additionalAuthenticationChecks(DaoAuthenticationProvider.java:76)
	at org.springframework.security.authentication.dao.AbstractUserDetailsAuthenticationProvider.authenticate(AbstractUserDetailsAuthenticationProvider.java:147)
	at org.springframework.security.authentication.ProviderManager.authenticate(ProviderManager.java:182)
	at org.springframework.security.authentication.ProviderManager.authenticate(ProviderManager.java:201)
	at org.springframework.security.web.authentication.www.BasicAuthenticationFilter.doFilterInternal(BasicAuthenticationFilter.java:155)
	at org.springframework.web.filter.OncePerRequestFilter.doFilter(OncePerRequestFilter.java:119)
	at org.springframework.security.web.FilterChainProxy$VirtualFilterChain.doFilter(FilterChainProxy.java:336)
	at org.springframework.security.web.authentication.logout.LogoutFilter.doFilter(LogoutFilter.java:103)
	at org.springframework.security.web.authentication.logout.LogoutFilter.doFilter(LogoutFilter.java:89)
	at org.springframework.security.web.FilterChainProxy$VirtualFilterChain.doFilter(FilterChainProxy.java:336)
	at org.springframework.security.web.header.HeaderWriterFilter.doHeadersAfter(HeaderWriterFilter.java:90)
	at org.springframework.security.web.header.HeaderWriterFilter.doFilterInternal(HeaderWriterFilter.java:75)
	at org.springframework.web.filter.OncePerRequestFilter.doFilter(OncePerRequestFilter.java:119)
	at org.springframework.security.web.FilterChainProxy$VirtualFilterChain.doFilter(FilterChainProxy.java:336)
	at org.springframework.security.web.context.SecurityContextPersistenceFilter.doFilter(SecurityContextPersistenceFilter.java:110)
	at org.springframework.security.web.context.SecurityContextPersistenceFilter.doFilter(SecurityContextPersistenceFilter.java:80)
	at org.springframework.security.web.FilterChainProxy$VirtualFilterChain.doFilter(FilterChainProxy.java:336)
	at org.springframework.security.web.context.request.async.WebAsyncManagerIntegrationFilter.doFilterInternal(WebAsyncManagerIntegrationFilter.java:55)
	at org.springframework.web.filter.OncePerRequestFilter.doFilter(OncePerRequestFilter.java:119)
	at org.springframework.security.web.FilterChainProxy$VirtualFilterChain.doFilter(FilterChainProxy.java:336)
	at org.springframework.security.web.FilterChainProxy.doFilterInternal(FilterChainProxy.java:211)
	at org.springframework.security.web.FilterChainProxy.doFilter(FilterChainProxy.java:183)
	at org.springframework.web.filter.DelegatingFilterProxy.invokeDelegate(DelegatingFilterProxy.java:358)
	at org.springframework.web.filter.DelegatingFilterProxy.doFilter(DelegatingFilterProxy.java:271)
	at org.apache.catalina.core.ApplicationFilterChain.internalDoFilter(ApplicationFilterChain.java:189)
	at org.apache.catalina.core.ApplicationFilterChain.doFilter(ApplicationFilterChain.java:162)
	at org.springframework.web.filter.RequestContextFilter.doFilterInternal(RequestContextFilter.java:100)
	at org.springframework.web.filter.OncePerRequestFilter.doFilter(OncePerRequestFilter.java:119)
	at org.apache.catalina.core.ApplicationFilterChain.internalDoFilter(ApplicationFilterChain.java:189)
	at org.apache.catalina.core.ApplicationFilterChain.doFilter(ApplicationFilterChain.java:162)
	at org.springframework.web.filter.FormContentFilter.doFilterInternal(FormContentFilter.java:93)
	at org.springframework.web.filter.OncePerRequestFilter.doFilter(OncePerRequestFilter.java:119)
	at org.apache.catalina.core.ApplicationFilterChain.internalDoFilter(ApplicationFilterChain.java:189)
	at org.apache.catalina.core.ApplicationFilterChain.doFilter(ApplicationFilterChain.java:162)
	at org.springframework.web.filter.CharacterEncodingFilter.doFilterInternal(CharacterEncodingFilter.java:201)
	at org.springframework.web.filter.OncePerRequestFilter.doFilter(OncePerRequestFilter.java:119)
	at org.apache.catalina.core.ApplicationFilterChain.internalDoFilter(ApplicationFilterChain.java:189)
	at org.apache.catalina.core.ApplicationFilterChain.doFilter(ApplicationFilterChain.java:162)
	at org.apache.catalina.core.StandardWrapperValve.invoke(StandardWrapperValve.java:202)
	at org.apache.catalina.core.StandardContextValve.invoke(StandardContextValve.java:97)
	at org.apache.catalina.authenticator.AuthenticatorBase.invoke(AuthenticatorBase.java:542)
	at org.apache.catalina.core.StandardHostValve.invoke(StandardHostValve.java:143)
	at org.apache.catalina.valves.ErrorReportValve.invoke(ErrorReportValve.java:92)
	at org.apache.catalina.core.StandardEngineValve.invoke(StandardEngineValve.java:78)
	at org.apache.catalina.connector.CoyoteAdapter.service(CoyoteAdapter.java:357)
	at org.apache.coyote.http11.Http11Processor.service(Http11Processor.java:374)
	at org.apache.coyote.AbstractProcessorLight.process(AbstractProcessorLight.java:65)
	at org.apache.coyote.AbstractProtocol$ConnectionHandler.process(AbstractProtocol.java:893)
	at org.apache.tomcat.util.net.NioEndpoint$SocketProcessor.doRun(NioEndpoint.java:1707)
	at org.apache.tomcat.util.net.SocketProcessorBase.run(SocketProcessorBase.java:49)
	at java.base/java.util.concurrent.ThreadPoolExecutor.runWorker(ThreadPoolExecutor.java:1128)
	at java.base/java.util.concurrent.ThreadPoolExecutor$Worker.run(ThreadPoolExecutor.java:628)
	at org.apache.tomcat.util.threads.TaskThread$WrappingRunnable.run(TaskThread.java:61)
	at java.base/java.lang.Thread.run(Thread.java:834)
2021-06-18 11:23:47,880 INFO com.sanvalero.bikes.controller.BrandController [http-nio-8080-exec-7] Init getBrands
2021-06-18 11:23:48,002 INFO com.sanvalero.bikes.controller.BrandController [http-nio-8080-exec-7] End getBrands
2021-06-18 11:24:32,880 INFO org.springframework.boot.StartupInfoLogger [main] Starting BikesApplication using Java 11.0.8 on DESKTOP-SPU9LGP with PID 12000 (C:\Users\shady\Documents\Proyectos_IntelliJ\Bikes\target\classes started by shady in C:\Users\shady\Documents\Proyectos_IntelliJ\Bikes)
2021-06-18 11:24:32,882 INFO org.springframework.boot.SpringApplication [main] No active profile set, falling back to default profiles: default
2021-06-18 11:24:33,310 INFO org.springframework.data.repository.config.RepositoryConfigurationDelegate [main] Bootstrapping Spring Data JPA repositories in DEFAULT mode.
2021-06-18 11:24:33,379 INFO org.springframework.data.repository.config.RepositoryConfigurationDelegate [main] Finished Spring Data repository scanning in 60 ms. Found 3 JPA repository interfaces.
2021-06-18 11:24:33,827 INFO org.springframework.boot.web.embedded.tomcat.TomcatWebServer [main] Tomcat initialized with port(s): 8080 (http)
2021-06-18 11:24:33,831 INFO org.apache.juli.logging.DirectJDKLog [main] Initializing ProtocolHandler ["http-nio-8080"]
2021-06-18 11:24:33,831 INFO org.apache.juli.logging.DirectJDKLog [main] Starting service [Tomcat]
2021-06-18 11:24:33,835 INFO org.apache.juli.logging.DirectJDKLog [main] Starting Servlet engine: [Apache Tomcat/9.0.45]
2021-06-18 11:24:33,914 INFO org.apache.juli.logging.DirectJDKLog [main] Initializing Spring embedded WebApplicationContext
2021-06-18 11:24:33,914 INFO org.springframework.boot.web.servlet.context.ServletWebServerApplicationContext [main] Root WebApplicationContext: initialization completed in 1003 ms
2021-06-18 11:24:34,039 INFO org.hibernate.jpa.internal.util.LogHelper [main] HHH000204: Processing PersistenceUnitInfo [name: default]
2021-06-18 11:24:34,064 INFO org.hibernate.Version [main] HHH000412: Hibernate ORM core version 5.4.30.Final
2021-06-18 11:24:34,144 INFO org.hibernate.annotations.common.reflection.java.JavaReflectionManager [main] HCANN000001: Hibernate Commons Annotations {5.1.2.Final}
2021-06-18 11:24:34,206 INFO com.zaxxer.hikari.HikariDataSource [main] HikariPool-1 - Starting...
2021-06-18 11:24:34,313 INFO com.zaxxer.hikari.HikariDataSource [main] HikariPool-1 - Start completed.
2021-06-18 11:24:34,314 INFO org.hibernate.dialect.Dialect [main] HHH000400: Using dialect: org.hibernate.dialect.MySQL55Dialect
2021-06-18 11:24:34,736 INFO org.hibernate.engine.transaction.jta.platform.internal.JtaPlatformInitiator [main] HHH000490: Using JtaPlatform implementation: [org.hibernate.engine.transaction.jta.platform.internal.NoJtaPlatform]
2021-06-18 11:24:34,743 INFO org.springframework.orm.jpa.AbstractEntityManagerFactoryBean [main] Initialized JPA EntityManagerFactory for persistence unit 'default'
2021-06-18 11:24:34,811 WARN org.springframework.boot.autoconfigure.orm.jpa.JpaBaseConfiguration$JpaWebConfiguration [main] spring.jpa.open-in-view is enabled by default. Therefore, database queries may be performed during view rendering. Explicitly configure spring.jpa.open-in-view to disable this warning
2021-06-18 11:24:34,855 INFO org.springframework.scheduling.concurrent.ExecutorConfigurationSupport [main] Initializing ExecutorService 'applicationTaskExecutor'
2021-06-18 11:24:35,163 WARN org.springframework.boot.autoconfigure.thymeleaf.ThymeleafAutoConfiguration$DefaultTemplateResolverConfiguration [main] Cannot find template location: classpath:/templates/ (please add some templates or check your Thymeleaf configuration)
2021-06-18 11:24:35,407 INFO org.springframework.boot.autoconfigure.security.servlet.UserDetailsServiceAutoConfiguration [main] 

Using generated security password: d4206de5-341e-442e-9246-6122f94b0e23

2021-06-18 11:24:35,471 INFO org.springframework.security.web.DefaultSecurityFilterChain [main] Will secure any request with [org.springframework.security.web.context.request.async.WebAsyncManagerIntegrationFilter@7bb86ac, org.springframework.security.web.context.SecurityContextPersistenceFilter@68cb8e52, org.springframework.security.web.header.HeaderWriterFilter@7e017f47, org.springframework.security.web.csrf.CsrfFilter@aade5a2, org.springframework.security.web.authentication.logout.LogoutFilter@7298c2d9, org.springframework.security.web.authentication.UsernamePasswordAuthenticationFilter@62ff14cd, org.springframework.security.web.authentication.ui.DefaultLoginPageGeneratingFilter@377cbdae, org.springframework.security.web.authentication.ui.DefaultLogoutPageGeneratingFilter@33bf2602, org.springframework.security.web.authentication.www.BasicAuthenticationFilter@7d4135c9, org.springframework.security.web.savedrequest.RequestCacheAwareFilter@74f92d14, org.springframework.security.web.servletapi.SecurityContextHolderAwareRequestFilter@c4455b4, org.springframework.security.web.authentication.AnonymousAuthenticationFilter@4724b2c1, org.springframework.security.web.session.SessionManagementFilter@7e36d508, org.springframework.security.web.access.ExceptionTranslationFilter@684430c1, org.springframework.security.web.access.intercept.FilterSecurityInterceptor@160cf225]
2021-06-18 11:24:35,501 INFO org.apache.juli.logging.DirectJDKLog [main] Starting ProtocolHandler ["http-nio-8080"]
2021-06-18 11:24:35,516 INFO org.springframework.boot.web.embedded.tomcat.TomcatWebServer [main] Tomcat started on port(s): 8080 (http) with context path '/bikes'
2021-06-18 11:24:35,524 INFO org.springframework.boot.StartupInfoLogger [main] Started BikesApplication in 2.942 seconds (JVM running for 3.248)
2021-06-18 11:24:44,093 INFO org.apache.juli.logging.DirectJDKLog [http-nio-8080-exec-2] Initializing Spring DispatcherServlet 'dispatcherServlet'
2021-06-18 11:24:44,094 INFO org.springframework.web.servlet.FrameworkServlet [http-nio-8080-exec-2] Initializing Servlet 'dispatcherServlet'
2021-06-18 11:24:44,095 INFO org.springframework.web.servlet.FrameworkServlet [http-nio-8080-exec-2] Completed initialization in 1 ms
2021-06-18 11:31:38,208 INFO org.springframework.boot.StartupInfoLogger [main] Starting BikesApplication using Java 11.0.8 on DESKTOP-SPU9LGP with PID 11576 (C:\Users\shady\Documents\Proyectos_IntelliJ\Bikes\target\classes started by shady in C:\Users\shady\Documents\Proyectos_IntelliJ\Bikes)
2021-06-18 11:31:38,210 INFO org.springframework.boot.SpringApplication [main] No active profile set, falling back to default profiles: default
2021-06-18 11:31:38,536 INFO org.springframework.data.repository.config.RepositoryConfigurationDelegate [main] Bootstrapping Spring Data JPA repositories in DEFAULT mode.
2021-06-18 11:31:38,548 INFO org.springframework.data.repository.config.RepositoryConfigurationDelegate [main] Finished Spring Data repository scanning in 2 ms. Found 0 JPA repository interfaces.
2021-06-18 11:31:39,070 INFO org.springframework.boot.web.embedded.tomcat.TomcatWebServer [main] Tomcat initialized with port(s): 8080 (http)
2021-06-18 11:31:39,078 INFO org.apache.juli.logging.DirectJDKLog [main] Initializing ProtocolHandler ["http-nio-8080"]
2021-06-18 11:31:39,079 INFO org.apache.juli.logging.DirectJDKLog [main] Starting service [Tomcat]
2021-06-18 11:31:39,079 INFO org.apache.juli.logging.DirectJDKLog [main] Starting Servlet engine: [Apache Tomcat/9.0.45]
2021-06-18 11:31:39,149 INFO org.apache.juli.logging.DirectJDKLog [main] Initializing Spring embedded WebApplicationContext
2021-06-18 11:31:39,149 INFO org.springframework.boot.web.servlet.context.ServletWebServerApplicationContext [main] Root WebApplicationContext: initialization completed in 905 ms
2021-06-18 11:31:39,267 INFO org.hibernate.jpa.internal.util.LogHelper [main] HHH000204: Processing PersistenceUnitInfo [name: default]
2021-06-18 11:31:39,324 INFO org.hibernate.Version [main] HHH000412: Hibernate ORM core version 5.4.30.Final
2021-06-18 11:31:39,384 INFO org.hibernate.annotations.common.reflection.java.JavaReflectionManager [main] HCANN000001: Hibernate Commons Annotations {5.1.2.Final}
2021-06-18 11:31:39,451 INFO com.zaxxer.hikari.HikariDataSource [main] HikariPool-1 - Starting...
2021-06-18 11:31:39,566 INFO com.zaxxer.hikari.HikariDataSource [main] HikariPool-1 - Start completed.
2021-06-18 11:31:39,568 INFO org.hibernate.dialect.Dialect [main] HHH000400: Using dialect: org.hibernate.dialect.MySQL55Dialect
2021-06-18 11:31:39,730 INFO org.hibernate.engine.transaction.jta.platform.internal.JtaPlatformInitiator [main] HHH000490: Using JtaPlatform implementation: [org.hibernate.engine.transaction.jta.platform.internal.NoJtaPlatform]
2021-06-18 11:31:39,735 INFO org.springframework.orm.jpa.AbstractEntityManagerFactoryBean [main] Initialized JPA EntityManagerFactory for persistence unit 'default'
2021-06-18 11:31:39,811 WARN org.springframework.boot.autoconfigure.orm.jpa.JpaBaseConfiguration$JpaWebConfiguration [main] spring.jpa.open-in-view is enabled by default. Therefore, database queries may be performed during view rendering. Explicitly configure spring.jpa.open-in-view to disable this warning
2021-06-18 11:31:39,854 INFO org.springframework.scheduling.concurrent.ExecutorConfigurationSupport [main] Initializing ExecutorService 'applicationTaskExecutor'
2021-06-18 11:31:40,143 WARN org.springframework.boot.autoconfigure.thymeleaf.ThymeleafAutoConfiguration$DefaultTemplateResolverConfiguration [main] Cannot find template location: classpath:/templates/ (please add some templates or check your Thymeleaf configuration)
2021-06-18 11:31:40,245 INFO org.springframework.boot.autoconfigure.security.servlet.UserDetailsServiceAutoConfiguration [main] 

Using generated security password: eb67d380-e76b-4458-8499-2e1cb0a08642

2021-06-18 11:31:40,318 INFO org.springframework.security.web.DefaultSecurityFilterChain [main] Will secure any request with [org.springframework.security.web.context.request.async.WebAsyncManagerIntegrationFilter@7323c38c, org.springframework.security.web.context.SecurityContextPersistenceFilter@279e1422, org.springframework.security.web.header.HeaderWriterFilter@77a4bac, org.springframework.security.web.csrf.CsrfFilter@35841d6, org.springframework.security.web.authentication.logout.LogoutFilter@7b8cb283, org.springframework.security.web.authentication.UsernamePasswordAuthenticationFilter@75aa7703, org.springframework.security.web.authentication.ui.DefaultLoginPageGeneratingFilter@38b54694, org.springframework.security.web.authentication.ui.DefaultLogoutPageGeneratingFilter@2c02a007, org.springframework.security.web.authentication.www.BasicAuthenticationFilter@54737322, org.springframework.security.web.savedrequest.RequestCacheAwareFilter@27dc81be, org.springframework.security.web.servletapi.SecurityContextHolderAwareRequestFilter@3245efdb, org.springframework.security.web.authentication.AnonymousAuthenticationFilter@63a72cc6, org.springframework.security.web.session.SessionManagementFilter@7d5a0b14, org.springframework.security.web.access.ExceptionTranslationFilter@54e94de9, org.springframework.security.web.access.intercept.FilterSecurityInterceptor@5018b56b]
2021-06-18 11:31:40,346 INFO org.apache.juli.logging.DirectJDKLog [main] Starting ProtocolHandler ["http-nio-8080"]
2021-06-18 11:31:40,360 INFO org.springframework.boot.web.embedded.tomcat.TomcatWebServer [main] Tomcat started on port(s): 8080 (http) with context path '/bikes'
2021-06-18 11:31:40,367 INFO org.springframework.boot.StartupInfoLogger [main] Started BikesApplication in 2.465 seconds (JVM running for 2.758)
2021-06-18 11:32:01,643 INFO org.apache.juli.logging.DirectJDKLog [http-nio-8080-exec-2] Initializing Spring DispatcherServlet 'dispatcherServlet'
2021-06-18 11:32:01,644 INFO org.springframework.web.servlet.FrameworkServlet [http-nio-8080-exec-2] Initializing Servlet 'dispatcherServlet'
2021-06-18 11:32:01,645 INFO org.springframework.web.servlet.FrameworkServlet [http-nio-8080-exec-2] Completed initialization in 1 ms
2021-06-18 11:32:52,219 INFO org.springframework.boot.StartupInfoLogger [main] Starting BikesApplication using Java 11.0.8 on DESKTOP-SPU9LGP with PID 3264 (C:\Users\shady\Documents\Proyectos_IntelliJ\Bikes\target\classes started by shady in C:\Users\shady\Documents\Proyectos_IntelliJ\Bikes)
2021-06-18 11:32:52,221 INFO org.springframework.boot.SpringApplication [main] No active profile set, falling back to default profiles: default
2021-06-18 11:32:52,680 INFO org.springframework.data.repository.config.RepositoryConfigurationDelegate [main] Bootstrapping Spring Data JPA repositories in DEFAULT mode.
2021-06-18 11:32:52,720 INFO org.springframework.data.repository.config.RepositoryConfigurationDelegate [main] Finished Spring Data repository scanning in 34 ms. Found 3 JPA repository interfaces.
2021-06-18 11:32:53,131 INFO org.springframework.boot.web.embedded.tomcat.TomcatWebServer [main] Tomcat initialized with port(s): 8080 (http)
2021-06-18 11:32:53,135 INFO org.apache.juli.logging.DirectJDKLog [main] Initializing ProtocolHandler ["http-nio-8080"]
2021-06-18 11:32:53,135 INFO org.apache.juli.logging.DirectJDKLog [main] Starting service [Tomcat]
2021-06-18 11:32:53,140 INFO org.apache.juli.logging.DirectJDKLog [main] Starting Servlet engine: [Apache Tomcat/9.0.45]
2021-06-18 11:32:53,219 INFO org.apache.juli.logging.DirectJDKLog [main] Initializing Spring embedded WebApplicationContext
2021-06-18 11:32:53,219 INFO org.springframework.boot.web.servlet.context.ServletWebServerApplicationContext [main] Root WebApplicationContext: initialization completed in 971 ms
2021-06-18 11:32:53,351 INFO org.hibernate.jpa.internal.util.LogHelper [main] HHH000204: Processing PersistenceUnitInfo [name: default]
2021-06-18 11:32:53,381 INFO org.hibernate.Version [main] HHH000412: Hibernate ORM core version 5.4.30.Final
2021-06-18 11:32:53,462 INFO org.hibernate.annotations.common.reflection.java.JavaReflectionManager [main] HCANN000001: Hibernate Commons Annotations {5.1.2.Final}
2021-06-18 11:32:53,527 INFO com.zaxxer.hikari.HikariDataSource [main] HikariPool-1 - Starting...
2021-06-18 11:32:53,632 INFO com.zaxxer.hikari.HikariDataSource [main] HikariPool-1 - Start completed.
2021-06-18 11:32:53,645 INFO org.hibernate.dialect.Dialect [main] HHH000400: Using dialect: org.hibernate.dialect.MySQL55Dialect
2021-06-18 11:32:54,053 INFO org.hibernate.engine.transaction.jta.platform.internal.JtaPlatformInitiator [main] HHH000490: Using JtaPlatform implementation: [org.hibernate.engine.transaction.jta.platform.internal.NoJtaPlatform]
2021-06-18 11:32:54,060 INFO org.springframework.orm.jpa.AbstractEntityManagerFactoryBean [main] Initialized JPA EntityManagerFactory for persistence unit 'default'
2021-06-18 11:32:54,136 WARN org.springframework.boot.autoconfigure.orm.jpa.JpaBaseConfiguration$JpaWebConfiguration [main] spring.jpa.open-in-view is enabled by default. Therefore, database queries may be performed during view rendering. Explicitly configure spring.jpa.open-in-view to disable this warning
2021-06-18 11:32:54,392 INFO org.springframework.security.web.DefaultSecurityFilterChain [main] Will secure any request with [org.springframework.security.web.context.request.async.WebAsyncManagerIntegrationFilter@1be4a7e3, org.springframework.security.web.context.SecurityContextPersistenceFilter@38197e82, org.springframework.security.web.header.HeaderWriterFilter@65021bb4, org.springframework.security.web.authentication.logout.LogoutFilter@4866e0a7, org.springframework.security.web.authentication.www.BasicAuthenticationFilter@34d5eac, org.springframework.security.web.savedrequest.RequestCacheAwareFilter@6765b6a2, org.springframework.security.web.servletapi.SecurityContextHolderAwareRequestFilter@416c1b0, org.springframework.security.web.authentication.AnonymousAuthenticationFilter@632b96b8, org.springframework.security.web.session.SessionManagementFilter@6ee186f3, org.springframework.security.web.access.ExceptionTranslationFilter@6b94c200, org.springframework.security.web.access.intercept.FilterSecurityInterceptor@744f0e0b]
2021-06-18 11:32:54,436 INFO org.springframework.scheduling.concurrent.ExecutorConfigurationSupport [main] Initializing ExecutorService 'applicationTaskExecutor'
2021-06-18 11:32:54,716 WARN org.springframework.boot.autoconfigure.thymeleaf.ThymeleafAutoConfiguration$DefaultTemplateResolverConfiguration [main] Cannot find template location: classpath:/templates/ (please add some templates or check your Thymeleaf configuration)
2021-06-18 11:32:54,857 INFO org.apache.juli.logging.DirectJDKLog [main] Starting ProtocolHandler ["http-nio-8080"]
2021-06-18 11:32:54,872 INFO org.springframework.boot.web.embedded.tomcat.TomcatWebServer [main] Tomcat started on port(s): 8080 (http) with context path '/bikes'
2021-06-18 11:32:54,881 INFO org.springframework.boot.StartupInfoLogger [main] Started BikesApplication in 2.955 seconds (JVM running for 3.237)
2021-06-18 11:33:07,749 INFO org.apache.juli.logging.DirectJDKLog [http-nio-8080-exec-1] Initializing Spring DispatcherServlet 'dispatcherServlet'
2021-06-18 11:33:07,749 INFO org.springframework.web.servlet.FrameworkServlet [http-nio-8080-exec-1] Initializing Servlet 'dispatcherServlet'
2021-06-18 11:33:07,750 INFO org.springframework.web.servlet.FrameworkServlet [http-nio-8080-exec-1] Completed initialization in 1 ms
2021-06-18 11:34:02,621 INFO com.sanvalero.bikes.controller.ShopController [http-nio-8080-exec-3] Init getShops
2021-06-18 11:34:02,727 INFO com.sanvalero.bikes.controller.ShopController [http-nio-8080-exec-3] End getShops
2021-06-18 11:35:47,726 INFO com.sanvalero.bikes.controller.ShopController [http-nio-8080-exec-6] Init addShop
2021-06-18 11:35:47,747 INFO com.sanvalero.bikes.controller.ShopController [http-nio-8080-exec-6] End addShop
2021-06-18 11:36:49,207 INFO org.springframework.boot.StartupInfoLogger [main] Starting BikesApplication using Java 11.0.8 on DESKTOP-SPU9LGP with PID 13652 (C:\Users\shady\Documents\Proyectos_IntelliJ\Bikes\target\classes started by shady in C:\Users\shady\Documents\Proyectos_IntelliJ\Bikes)
2021-06-18 11:36:49,209 INFO org.springframework.boot.SpringApplication [main] No active profile set, falling back to default profiles: default
2021-06-18 11:36:49,689 INFO org.springframework.data.repository.config.RepositoryConfigurationDelegate [main] Bootstrapping Spring Data JPA repositories in DEFAULT mode.
2021-06-18 11:36:49,732 INFO org.springframework.data.repository.config.RepositoryConfigurationDelegate [main] Finished Spring Data repository scanning in 37 ms. Found 3 JPA repository interfaces.
2021-06-18 11:36:50,147 INFO org.springframework.boot.web.embedded.tomcat.TomcatWebServer [main] Tomcat initialized with port(s): 8080 (http)
2021-06-18 11:36:50,152 INFO org.apache.juli.logging.DirectJDKLog [main] Initializing ProtocolHandler ["http-nio-8080"]
2021-06-18 11:36:50,152 INFO org.apache.juli.logging.DirectJDKLog [main] Starting service [Tomcat]
2021-06-18 11:36:50,156 INFO org.apache.juli.logging.DirectJDKLog [main] Starting Servlet engine: [Apache Tomcat/9.0.45]
2021-06-18 11:36:50,230 INFO org.apache.juli.logging.DirectJDKLog [main] Initializing Spring embedded WebApplicationContext
2021-06-18 11:36:50,230 INFO org.springframework.boot.web.servlet.context.ServletWebServerApplicationContext [main] Root WebApplicationContext: initialization completed in 994 ms
2021-06-18 11:36:50,388 INFO org.hibernate.jpa.internal.util.LogHelper [main] HHH000204: Processing PersistenceUnitInfo [name: default]
2021-06-18 11:36:50,414 INFO org.hibernate.Version [main] HHH000412: Hibernate ORM core version 5.4.30.Final
2021-06-18 11:36:50,497 INFO org.hibernate.annotations.common.reflection.java.JavaReflectionManager [main] HCANN000001: Hibernate Commons Annotations {5.1.2.Final}
2021-06-18 11:36:50,565 INFO com.zaxxer.hikari.HikariDataSource [main] HikariPool-1 - Starting...
2021-06-18 11:36:50,691 INFO com.zaxxer.hikari.HikariDataSource [main] HikariPool-1 - Start completed.
2021-06-18 11:36:50,698 INFO org.hibernate.dialect.Dialect [main] HHH000400: Using dialect: org.hibernate.dialect.MySQL55Dialect
2021-06-18 11:36:51,150 INFO org.hibernate.engine.transaction.jta.platform.internal.JtaPlatformInitiator [main] HHH000490: Using JtaPlatform implementation: [org.hibernate.engine.transaction.jta.platform.internal.NoJtaPlatform]
2021-06-18 11:36:51,152 INFO org.springframework.orm.jpa.AbstractEntityManagerFactoryBean [main] Initialized JPA EntityManagerFactory for persistence unit 'default'
2021-06-18 11:36:51,236 WARN org.springframework.boot.autoconfigure.orm.jpa.JpaBaseConfiguration$JpaWebConfiguration [main] spring.jpa.open-in-view is enabled by default. Therefore, database queries may be performed during view rendering. Explicitly configure spring.jpa.open-in-view to disable this warning
2021-06-18 11:36:51,496 INFO org.springframework.security.web.DefaultSecurityFilterChain [main] Will secure any request with [org.springframework.security.web.context.request.async.WebAsyncManagerIntegrationFilter@5a07ae2f, org.springframework.security.web.context.SecurityContextPersistenceFilter@8f374de, org.springframework.security.web.header.HeaderWriterFilter@2b4954a4, org.springframework.security.web.authentication.logout.LogoutFilter@1331d6fd, org.springframework.security.web.authentication.www.BasicAuthenticationFilter@632b96b8, org.springframework.security.web.savedrequest.RequestCacheAwareFilter@1bba9862, org.springframework.security.web.servletapi.SecurityContextHolderAwareRequestFilter@176e839e, org.springframework.security.web.authentication.AnonymousAuthenticationFilter@78829412, org.springframework.security.web.session.SessionManagementFilter@75c589f2, org.springframework.security.web.access.ExceptionTranslationFilter@630c3af3, org.springframework.security.web.access.intercept.FilterSecurityInterceptor@2ffcdc9b]
2021-06-18 11:36:51,546 INFO org.springframework.scheduling.concurrent.ExecutorConfigurationSupport [main] Initializing ExecutorService 'applicationTaskExecutor'
2021-06-18 11:36:51,809 WARN org.springframework.boot.autoconfigure.thymeleaf.ThymeleafAutoConfiguration$DefaultTemplateResolverConfiguration [main] Cannot find template location: classpath:/templates/ (please add some templates or check your Thymeleaf configuration)
2021-06-18 11:36:51,942 INFO org.apache.juli.logging.DirectJDKLog [main] Starting ProtocolHandler ["http-nio-8080"]
2021-06-18 11:36:51,957 INFO org.springframework.boot.web.embedded.tomcat.TomcatWebServer [main] Tomcat started on port(s): 8080 (http) with context path '/bikes'
2021-06-18 11:36:51,965 INFO org.springframework.boot.StartupInfoLogger [main] Started BikesApplication in 3.055 seconds (JVM running for 3.345)
2021-06-18 11:37:11,991 INFO org.apache.juli.logging.DirectJDKLog [http-nio-8080-exec-1] Initializing Spring DispatcherServlet 'dispatcherServlet'
2021-06-18 11:37:11,992 INFO org.springframework.web.servlet.FrameworkServlet [http-nio-8080-exec-1] Initializing Servlet 'dispatcherServlet'
2021-06-18 11:37:11,993 INFO org.springframework.web.servlet.FrameworkServlet [http-nio-8080-exec-1] Completed initialization in 1 ms
2021-06-18 11:37:12,319 INFO com.sanvalero.bikes.controller.ShopController [http-nio-8080-exec-1] Init addShop
2021-06-18 11:37:12,375 INFO com.sanvalero.bikes.controller.ShopController [http-nio-8080-exec-1] End addShop
2021-06-18 11:37:23,507 INFO com.sanvalero.bikes.controller.ShopController [http-nio-8080-exec-3] Init getShops
2021-06-18 11:37:23,584 INFO com.sanvalero.bikes.controller.ShopController [http-nio-8080-exec-3] End getShops
2021-06-18 11:37:53,413 INFO com.sanvalero.bikes.controller.ShopController [http-nio-8080-exec-5] Init getShops
2021-06-18 11:37:53,416 INFO com.sanvalero.bikes.controller.ShopController [http-nio-8080-exec-5] End getShops
2021-06-18 11:39:44,735 INFO org.springframework.boot.StartupInfoLogger [main] Starting BikesApplication using Java 11.0.8 on DESKTOP-SPU9LGP with PID 16432 (C:\Users\shady\Documents\Proyectos_IntelliJ\Bikes\target\classes started by shady in C:\Users\shady\Documents\Proyectos_IntelliJ\Bikes)
2021-06-18 11:39:44,737 INFO org.springframework.boot.SpringApplication [main] No active profile set, falling back to default profiles: default
2021-06-18 11:39:45,205 INFO org.springframework.data.repository.config.RepositoryConfigurationDelegate [main] Bootstrapping Spring Data JPA repositories in DEFAULT mode.
2021-06-18 11:39:45,243 INFO org.springframework.data.repository.config.RepositoryConfigurationDelegate [main] Finished Spring Data repository scanning in 33 ms. Found 3 JPA repository interfaces.
2021-06-18 11:39:45,655 INFO org.springframework.boot.web.embedded.tomcat.TomcatWebServer [main] Tomcat initialized with port(s): 8080 (http)
2021-06-18 11:39:45,662 INFO org.apache.juli.logging.DirectJDKLog [main] Initializing ProtocolHandler ["http-nio-8080"]
2021-06-18 11:39:45,663 INFO org.apache.juli.logging.DirectJDKLog [main] Starting service [Tomcat]
2021-06-18 11:39:45,663 INFO org.apache.juli.logging.DirectJDKLog [main] Starting Servlet engine: [Apache Tomcat/9.0.45]
2021-06-18 11:39:45,739 INFO org.apache.juli.logging.DirectJDKLog [main] Initializing Spring embedded WebApplicationContext
2021-06-18 11:39:45,739 INFO org.springframework.boot.web.servlet.context.ServletWebServerApplicationContext [main] Root WebApplicationContext: initialization completed in 974 ms
2021-06-18 11:39:45,876 INFO org.hibernate.jpa.internal.util.LogHelper [main] HHH000204: Processing PersistenceUnitInfo [name: default]
2021-06-18 11:39:45,908 INFO org.hibernate.Version [main] HHH000412: Hibernate ORM core version 5.4.30.Final
2021-06-18 11:39:45,984 INFO org.hibernate.annotations.common.reflection.java.JavaReflectionManager [main] HCANN000001: Hibernate Commons Annotations {5.1.2.Final}
2021-06-18 11:39:46,037 INFO com.zaxxer.hikari.HikariDataSource [main] HikariPool-1 - Starting...
2021-06-18 11:39:46,131 INFO com.zaxxer.hikari.HikariDataSource [main] HikariPool-1 - Start completed.
2021-06-18 11:39:46,142 INFO org.hibernate.dialect.Dialect [main] HHH000400: Using dialect: org.hibernate.dialect.MySQL55Dialect
2021-06-18 11:39:46,538 INFO org.hibernate.engine.transaction.jta.platform.internal.JtaPlatformInitiator [main] HHH000490: Using JtaPlatform implementation: [org.hibernate.engine.transaction.jta.platform.internal.NoJtaPlatform]
2021-06-18 11:39:46,544 INFO org.springframework.orm.jpa.AbstractEntityManagerFactoryBean [main] Initialized JPA EntityManagerFactory for persistence unit 'default'
2021-06-18 11:39:46,628 WARN org.springframework.boot.autoconfigure.orm.jpa.JpaBaseConfiguration$JpaWebConfiguration [main] spring.jpa.open-in-view is enabled by default. Therefore, database queries may be performed during view rendering. Explicitly configure spring.jpa.open-in-view to disable this warning
2021-06-18 11:39:46,921 INFO org.springframework.security.web.DefaultSecurityFilterChain [main] Will secure any request with [org.springframework.security.web.context.request.async.WebAsyncManagerIntegrationFilter@161c9468, org.springframework.security.web.context.SecurityContextPersistenceFilter@240291d9, org.springframework.security.web.header.HeaderWriterFilter@1b79df53, org.springframework.security.web.authentication.logout.LogoutFilter@7c359808, org.springframework.security.web.authentication.www.BasicAuthenticationFilter@5020e5ab, org.springframework.security.web.savedrequest.RequestCacheAwareFilter@50a1af86, org.springframework.security.web.servletapi.SecurityContextHolderAwareRequestFilter@6db04a6, org.springframework.security.web.authentication.AnonymousAuthenticationFilter@629de8, org.springframework.security.web.session.SessionManagementFilter@2f2f92f, org.springframework.security.web.access.ExceptionTranslationFilter@7204d98f, org.springframework.security.web.access.intercept.FilterSecurityInterceptor@314c28dc]
2021-06-18 11:39:46,969 INFO org.springframework.scheduling.concurrent.ExecutorConfigurationSupport [main] Initializing ExecutorService 'applicationTaskExecutor'
2021-06-18 11:39:47,259 WARN org.springframework.boot.autoconfigure.thymeleaf.ThymeleafAutoConfiguration$DefaultTemplateResolverConfiguration [main] Cannot find template location: classpath:/templates/ (please add some templates or check your Thymeleaf configuration)
2021-06-18 11:39:47,413 INFO org.apache.juli.logging.DirectJDKLog [main] Starting ProtocolHandler ["http-nio-8080"]
2021-06-18 11:39:47,429 INFO org.springframework.boot.web.embedded.tomcat.TomcatWebServer [main] Tomcat started on port(s): 8080 (http) with context path '/bikes'
2021-06-18 11:39:47,438 INFO org.springframework.boot.StartupInfoLogger [main] Started BikesApplication in 3.012 seconds (JVM running for 3.297)
2021-06-18 11:40:14,699 INFO org.apache.juli.logging.DirectJDKLog [http-nio-8080-exec-1] Initializing Spring DispatcherServlet 'dispatcherServlet'
2021-06-18 11:40:14,699 INFO org.springframework.web.servlet.FrameworkServlet [http-nio-8080-exec-1] Initializing Servlet 'dispatcherServlet'
2021-06-18 11:40:14,701 INFO org.springframework.web.servlet.FrameworkServlet [http-nio-8080-exec-1] Completed initialization in 1 ms
2021-06-18 11:40:19,711 INFO com.sanvalero.bikes.controller.ShopController [http-nio-8080-exec-3] Init getShops
2021-06-18 11:40:19,829 INFO com.sanvalero.bikes.controller.ShopController [http-nio-8080-exec-3] End getShops
2021-06-18 11:40:39,882 INFO com.sanvalero.bikes.controller.ShopController [http-nio-8080-exec-4] Init addShop
2021-06-18 11:40:39,904 INFO com.sanvalero.bikes.controller.ShopController [http-nio-8080-exec-4] End addShop
2021-06-18 11:41:22,814 INFO org.springframework.boot.StartupInfoLogger [main] Starting BikesApplication using Java 11.0.8 on DESKTOP-SPU9LGP with PID 11416 (C:\Users\shady\Documents\Proyectos_IntelliJ\Bikes\target\classes started by shady in C:\Users\shady\Documents\Proyectos_IntelliJ\Bikes)
2021-06-18 11:41:22,817 INFO org.springframework.boot.SpringApplication [main] No active profile set, falling back to default profiles: default
2021-06-18 11:41:23,293 INFO org.springframework.data.repository.config.RepositoryConfigurationDelegate [main] Bootstrapping Spring Data JPA repositories in DEFAULT mode.
2021-06-18 11:41:23,336 INFO org.springframework.data.repository.config.RepositoryConfigurationDelegate [main] Finished Spring Data repository scanning in 36 ms. Found 3 JPA repository interfaces.
2021-06-18 11:41:23,750 INFO org.springframework.boot.web.embedded.tomcat.TomcatWebServer [main] Tomcat initialized with port(s): 8080 (http)
2021-06-18 11:41:23,757 INFO org.apache.juli.logging.DirectJDKLog [main] Initializing ProtocolHandler ["http-nio-8080"]
2021-06-18 11:41:23,757 INFO org.apache.juli.logging.DirectJDKLog [main] Starting service [Tomcat]
2021-06-18 11:41:23,757 INFO org.apache.juli.logging.DirectJDKLog [main] Starting Servlet engine: [Apache Tomcat/9.0.45]
2021-06-18 11:41:23,849 INFO org.apache.juli.logging.DirectJDKLog [main] Initializing Spring embedded WebApplicationContext
2021-06-18 11:41:23,849 INFO org.springframework.boot.web.servlet.context.ServletWebServerApplicationContext [main] Root WebApplicationContext: initialization completed in 1003 ms
2021-06-18 11:41:23,963 INFO org.hibernate.jpa.internal.util.LogHelper [main] HHH000204: Processing PersistenceUnitInfo [name: default]
2021-06-18 11:41:23,994 INFO org.hibernate.Version [main] HHH000412: Hibernate ORM core version 5.4.30.Final
2021-06-18 11:41:24,070 INFO org.hibernate.annotations.common.reflection.java.JavaReflectionManager [main] HCANN000001: Hibernate Commons Annotations {5.1.2.Final}
2021-06-18 11:41:24,127 INFO com.zaxxer.hikari.HikariDataSource [main] HikariPool-1 - Starting...
2021-06-18 11:41:24,228 INFO com.zaxxer.hikari.HikariDataSource [main] HikariPool-1 - Start completed.
2021-06-18 11:41:24,240 INFO org.hibernate.dialect.Dialect [main] HHH000400: Using dialect: org.hibernate.dialect.MySQL55Dialect
2021-06-18 11:41:24,655 INFO org.hibernate.engine.transaction.jta.platform.internal.JtaPlatformInitiator [main] HHH000490: Using JtaPlatform implementation: [org.hibernate.engine.transaction.jta.platform.internal.NoJtaPlatform]
2021-06-18 11:41:24,659 INFO org.springframework.orm.jpa.AbstractEntityManagerFactoryBean [main] Initialized JPA EntityManagerFactory for persistence unit 'default'
2021-06-18 11:41:24,738 WARN org.springframework.boot.autoconfigure.orm.jpa.JpaBaseConfiguration$JpaWebConfiguration [main] spring.jpa.open-in-view is enabled by default. Therefore, database queries may be performed during view rendering. Explicitly configure spring.jpa.open-in-view to disable this warning
2021-06-18 11:41:25,005 INFO org.springframework.security.web.DefaultSecurityFilterChain [main] Will secure any request with [org.springframework.security.web.context.request.async.WebAsyncManagerIntegrationFilter@1be4a7e3, org.springframework.security.web.context.SecurityContextPersistenceFilter@6765b6a2, org.springframework.security.web.header.HeaderWriterFilter@2e40ea48, org.springframework.security.web.authentication.logout.LogoutFilter@70b1028d, org.springframework.security.web.authentication.www.BasicAuthenticationFilter@34d5eac, org.springframework.security.web.savedrequest.RequestCacheAwareFilter@6db04a6, org.springframework.security.web.servletapi.SecurityContextHolderAwareRequestFilter@60fe75f7, org.springframework.security.web.authentication.AnonymousAuthenticationFilter@632b96b8, org.springframework.security.web.session.SessionManagementFilter@38197e82, org.springframework.security.web.access.ExceptionTranslationFilter@6a97517, org.springframework.security.web.access.intercept.FilterSecurityInterceptor@744f0e0b]
2021-06-18 11:41:25,047 INFO org.springframework.scheduling.concurrent.ExecutorConfigurationSupport [main] Initializing ExecutorService 'applicationTaskExecutor'
2021-06-18 11:41:25,309 WARN org.springframework.boot.autoconfigure.thymeleaf.ThymeleafAutoConfiguration$DefaultTemplateResolverConfiguration [main] Cannot find template location: classpath:/templates/ (please add some templates or check your Thymeleaf configuration)
2021-06-18 11:41:25,443 INFO org.apache.juli.logging.DirectJDKLog [main] Starting ProtocolHandler ["http-nio-8080"]
2021-06-18 11:41:25,459 INFO org.springframework.boot.web.embedded.tomcat.TomcatWebServer [main] Tomcat started on port(s): 8080 (http) with context path '/bikes'
2021-06-18 11:41:25,467 INFO org.springframework.boot.StartupInfoLogger [main] Started BikesApplication in 2.952 seconds (JVM running for 3.243)
2021-06-18 11:41:45,581 INFO org.apache.juli.logging.DirectJDKLog [http-nio-8080-exec-3] Initializing Spring DispatcherServlet 'dispatcherServlet'
2021-06-18 11:41:45,581 INFO org.springframework.web.servlet.FrameworkServlet [http-nio-8080-exec-3] Initializing Servlet 'dispatcherServlet'
2021-06-18 11:41:45,582 INFO org.springframework.web.servlet.FrameworkServlet [http-nio-8080-exec-3] Completed initialization in 1 ms
2021-06-18 11:42:09,440 INFO com.sanvalero.bikes.controller.ShopController [http-nio-8080-exec-2] Init addShop
2021-06-18 11:42:09,491 INFO com.sanvalero.bikes.controller.ShopController [http-nio-8080-exec-2] End addShop
2021-06-18 11:42:41,963 INFO com.sanvalero.bikes.controller.ShopController [http-nio-8080-exec-6] Init deleteShop
2021-06-18 11:42:41,997 INFO com.sanvalero.bikes.controller.ShopController [http-nio-8080-exec-6] End deleteShop
2021-06-18 11:42:50,561 INFO com.sanvalero.bikes.controller.ShopController [http-nio-8080-exec-5] Init getShops
2021-06-18 11:42:50,628 INFO com.sanvalero.bikes.controller.ShopController [http-nio-8080-exec-5] End getShops
2021-06-18 11:43:19,552 INFO com.sanvalero.bikes.controller.ShopController [http-nio-8080-exec-10] Init getShopById
2021-06-18 11:43:19,556 INFO com.sanvalero.bikes.controller.ShopController [http-nio-8080-exec-10] End getShopById
2021-06-18 11:43:51,670 INFO org.springframework.boot.StartupInfoLogger [main] Starting BikesApplication using Java 11.0.8 on DESKTOP-SPU9LGP with PID 7824 (C:\Users\shady\Documents\Proyectos_IntelliJ\Bikes\target\classes started by shady in C:\Users\shady\Documents\Proyectos_IntelliJ\Bikes)
2021-06-18 11:43:51,672 INFO org.springframework.boot.SpringApplication [main] No active profile set, falling back to default profiles: default
2021-06-18 11:43:52,140 INFO org.springframework.data.repository.config.RepositoryConfigurationDelegate [main] Bootstrapping Spring Data JPA repositories in DEFAULT mode.
2021-06-18 11:43:52,179 INFO org.springframework.data.repository.config.RepositoryConfigurationDelegate [main] Finished Spring Data repository scanning in 35 ms. Found 3 JPA repository interfaces.
2021-06-18 11:43:52,595 INFO org.springframework.boot.web.embedded.tomcat.TomcatWebServer [main] Tomcat initialized with port(s): 8080 (http)
2021-06-18 11:43:52,600 INFO org.apache.juli.logging.DirectJDKLog [main] Initializing ProtocolHandler ["http-nio-8080"]
2021-06-18 11:43:52,600 INFO org.apache.juli.logging.DirectJDKLog [main] Starting service [Tomcat]
2021-06-18 11:43:52,604 INFO org.apache.juli.logging.DirectJDKLog [main] Starting Servlet engine: [Apache Tomcat/9.0.45]
2021-06-18 11:43:52,668 INFO org.apache.juli.logging.DirectJDKLog [main] Initializing Spring embedded WebApplicationContext
2021-06-18 11:43:52,668 INFO org.springframework.boot.web.servlet.context.ServletWebServerApplicationContext [main] Root WebApplicationContext: initialization completed in 970 ms
2021-06-18 11:43:52,802 INFO org.hibernate.jpa.internal.util.LogHelper [main] HHH000204: Processing PersistenceUnitInfo [name: default]
2021-06-18 11:43:52,818 INFO org.hibernate.Version [main] HHH000412: Hibernate ORM core version 5.4.30.Final
2021-06-18 11:43:52,902 INFO org.hibernate.annotations.common.reflection.java.JavaReflectionManager [main] HCANN000001: Hibernate Commons Annotations {5.1.2.Final}
2021-06-18 11:43:52,971 INFO com.zaxxer.hikari.HikariDataSource [main] HikariPool-1 - Starting...
2021-06-18 11:43:53,072 INFO com.zaxxer.hikari.HikariDataSource [main] HikariPool-1 - Start completed.
2021-06-18 11:43:53,076 INFO org.hibernate.dialect.Dialect [main] HHH000400: Using dialect: org.hibernate.dialect.MySQL55Dialect
2021-06-18 11:43:53,468 INFO org.hibernate.engine.transaction.jta.platform.internal.JtaPlatformInitiator [main] HHH000490: Using JtaPlatform implementation: [org.hibernate.engine.transaction.jta.platform.internal.NoJtaPlatform]
2021-06-18 11:43:53,475 INFO org.springframework.orm.jpa.AbstractEntityManagerFactoryBean [main] Initialized JPA EntityManagerFactory for persistence unit 'default'
2021-06-18 11:43:53,547 WARN org.springframework.boot.autoconfigure.orm.jpa.JpaBaseConfiguration$JpaWebConfiguration [main] spring.jpa.open-in-view is enabled by default. Therefore, database queries may be performed during view rendering. Explicitly configure spring.jpa.open-in-view to disable this warning
2021-06-18 11:43:53,798 INFO org.springframework.security.web.DefaultSecurityFilterChain [main] Will secure any request with [org.springframework.security.web.context.request.async.WebAsyncManagerIntegrationFilter@2ffcdc9b, org.springframework.security.web.context.SecurityContextPersistenceFilter@284b487f, org.springframework.security.web.header.HeaderWriterFilter@72240290, org.springframework.security.web.authentication.logout.LogoutFilter@176e839e, org.springframework.security.web.authentication.www.BasicAuthenticationFilter@4136b193, org.springframework.security.web.savedrequest.RequestCacheAwareFilter@630c3af3, org.springframework.security.web.servletapi.SecurityContextHolderAwareRequestFilter@3e0327dd, org.springframework.security.web.authentication.AnonymousAuthenticationFilter@47994b51, org.springframework.security.web.session.SessionManagementFilter@1322b542, org.springframework.security.web.access.ExceptionTranslationFilter@46bdc55e, org.springframework.security.web.access.intercept.FilterSecurityInterceptor@319058ce]
2021-06-18 11:43:53,848 INFO org.springframework.scheduling.concurrent.ExecutorConfigurationSupport [main] Initializing ExecutorService 'applicationTaskExecutor'
2021-06-18 11:43:54,115 WARN org.springframework.boot.autoconfigure.thymeleaf.ThymeleafAutoConfiguration$DefaultTemplateResolverConfiguration [main] Cannot find template location: classpath:/templates/ (please add some templates or check your Thymeleaf configuration)
2021-06-18 11:43:54,241 INFO org.apache.juli.logging.DirectJDKLog [main] Starting ProtocolHandler ["http-nio-8080"]
2021-06-18 11:43:54,256 INFO org.springframework.boot.web.embedded.tomcat.TomcatWebServer [main] Tomcat started on port(s): 8080 (http) with context path '/bikes'
2021-06-18 11:43:54,264 INFO org.springframework.boot.StartupInfoLogger [main] Started BikesApplication in 2.885 seconds (JVM running for 3.176)
2021-06-18 11:44:07,527 INFO org.apache.juli.logging.DirectJDKLog [http-nio-8080-exec-1] Initializing Spring DispatcherServlet 'dispatcherServlet'
2021-06-18 11:44:07,527 INFO org.springframework.web.servlet.FrameworkServlet [http-nio-8080-exec-1] Initializing Servlet 'dispatcherServlet'
2021-06-18 11:44:07,528 INFO org.springframework.web.servlet.FrameworkServlet [http-nio-8080-exec-1] Completed initialization in 1 ms
2021-06-18 11:44:07,796 INFO com.sanvalero.bikes.controller.ShopController [http-nio-8080-exec-1] Init getShops
2021-06-18 11:44:07,902 INFO com.sanvalero.bikes.controller.ShopController [http-nio-8080-exec-1] End getShops
2021-06-18 11:44:15,357 INFO com.sanvalero.bikes.controller.ShopController [http-nio-8080-exec-3] Init getShopById
2021-06-18 11:44:15,363 INFO com.sanvalero.bikes.controller.ShopController [http-nio-8080-exec-3] End getShopById
2021-06-18 11:44:34,441 INFO com.sanvalero.bikes.controller.ShopController [http-nio-8080-exec-5] Init deleteShop
2021-06-18 11:44:34,468 INFO com.sanvalero.bikes.controller.ShopController [http-nio-8080-exec-5] End deleteShop
2021-06-18 11:44:43,291 INFO com.sanvalero.bikes.controller.ShopController [http-nio-8080-exec-6] Init getShops
2021-06-18 11:44:43,294 INFO com.sanvalero.bikes.controller.ShopController [http-nio-8080-exec-6] End getShops
